NZ_AP017617.1	NC_020307.1	92.399	20010	3719269	3739233	3424880	3404901
NZ_AP017617.1	NC_020307.1	85.972	16809	4296633	4313367	2934812	2918061
NZ_AP017617.1	NC_020307.1	86.465	14747	202933	217662	1965297	1950579
NZ_AP017617.1	NC_020307.1	94.058	9811	4582967	4592769	2660023	2650224
NZ_AP017617.1	NC_020307.1	88.248	12313	2463203	2475499	4562660	4550394
NZ_AP017617.1	NC_020307.1	90.637	10574	2806008	2816538	4203001	4192451
NZ_AP017617.1	NC_020307.1	90.228	10663	4611179	4621794	2636719	2626086
NZ_AP017617.1	NC_020307.1	86.075	10542	439200	449698	1780256	1769764
NZ_AP017617.1	NC_020307.1	91.442	8191	4278909	4287081	2952744	2944577
NZ_AP017617.1	NC_020307.1	87.521	9624	4409098	4418710	2834217	2824603
NZ_AP017617.1	NC_020307.1	84.185	11445	97215	108632	2087664	2076247
NZ_AP017617.1	NC_020307.1	80.628	14459	1046151	1060539	143250	157628
NZ_AP017617.1	NC_020307.1	89.332	8680	3588536	3597189	3555588	3546931
NZ_AP017617.1	NC_020307.1	83.799	11098	2629996	2641035	4422185	4411137
NZ_AP017617.1	NC_020307.1	83.335	11293	3620801	3632063	3524989	3513724
NZ_AP017617.1	NC_020307.1	79.599	14112	2180291	2194310	1245039	1259055
NZ_AP017617.1	NC_020307.1	90.286	7453	3739757	3747186	3404375	3396948
NZ_AP017617.1	NC_020307.1	87.365	8421	225095	233497	1942118	1933715
NZ_AP017617.1	NC_020307.1	85.594	9232	4898966	4908149	2433220	2424026
NZ_AP017617.1	NC_020307.1	79.576	13073	1362306	1375308	404266	417262
NZ_AP017617.1	NC_020307.1	86.419	8394	3605997	3614353	3539948	3531580
NZ_AP017617.1	NC_020307.1	97.183	5395	4569870	4575251	2926588	2921206
NZ_AP017617.1	NC_020307.1	96.662	5392	2805797	2811165	2921206	2926577
NZ_AP017617.1	NC_020307.1	88.658	7300	1480741	1488030	952266	944983
NZ_AP017617.1	NC_020307.1	97.315	5215	4570075	4575276	2631253	2626051
NZ_AP017617.1	NC_020307.1	97.083	5245	4304986	4310216	2631316	2626083
NZ_AP017617.1	NC_020307.1	85.670	8430	2903896	2912279	3998784	3990382
NZ_AP017617.1	NC_020307.1	97.011	5253	4616566	4621804	2926444	2921206
NZ_AP017617.1	NC_020307.1	97.332	5172	4616474	4621631	3429342	3434502
NZ_AP017617.1	NC_020307.1	96.560	5261	2805796	2811031	2626076	2631316
NZ_AP017617.1	NC_020307.1	83.698	9177	2229141	2238290	1282671	1291840
NZ_AP017617.1	NC_020307.1	96.444	5203	4304865	4310049	4197844	4203033
NZ_AP017617.1	NC_020307.1	97.125	5078	4304986	4310049	3429433	3434502
NZ_AP017617.1	NC_020307.1	96.331	5206	4569893	4575078	4197844	4203033
NZ_AP017617.1	NC_020307.1	97.099	5068	4570028	4575078	3429447	3434502
NZ_AP017617.1	NC_020307.1	84.064	8923	2249844	2258721	1303383	1312257
NZ_AP017617.1	NC_020307.1	96.936	5091	4616556	4621631	4197954	4203033
NZ_AP017617.1	NC_020307.1	97.027	5045	2806008	2811031	3434470	3429433
NZ_AP017617.1	NC_020307.1	80.511	11073	2991803	3002826	3874399	3863394
NZ_AP017617.1	NC_020307.1	80.019	11386	1017985	1029329	120893	132233
NZ_AP017617.1	NC_020307.1	90.420	6326	130697	137008	2051013	2044712
NZ_AP017617.1	NC_020307.1	78.541	12601	655528	668012	1623182	1610678
NZ_AP017617.1	NC_020307.1	84.511	8225	712828	721011	1570775	1562584
NZ_AP017617.1	NC_020307.1	81.826	9629	3832874	3842470	3316702	3307108
NZ_AP017617.1	NC_020307.1	88.294	6672	3597305	3603935	3546765	3540117
NZ_AP017617.1	NC_020307.1	84.792	7818	56939	64732	2127546	2119756
NZ_AP017617.1	NC_020307.1	82.905	8710	473590	482272	1744424	1735747
NZ_AP017617.1	NC_020307.1	85.704	7254	4108631	4115868	3087832	3080593
NZ_AP017617.1	NC_020307.1	86.904	6819	108646	115451	2076169	2069366
NZ_AP017617.1	NC_020307.1	78.052	12197	3013909	3026036	3856611	3844479
NZ_AP017617.1	NC_020307.1	85.593	7212	4564637	4571813	2678973	2671785
NZ_AP017617.1	NC_020307.1	81.190	9447	4889574	4898940	2442728	2433374
NZ_AP017617.1	NC_020307.1	84.590	7398	2479518	2486887	4546312	4538946
NZ_AP017617.1	NC_020307.1	86.536	6573	4465009	4471558	2780130	2773578
NZ_AP017617.1	NC_020307.1	85.700	6776	1944550	1951316	499439	492676
NZ_AP017617.1	NC_020307.1	81.414	8754	2928272	2936986	3924398	3915680
NZ_AP017617.1	NC_020307.1	84.832	7074	3423693	3430737	3692608	3685547
NZ_AP017617.1	NC_020307.1	81.350	8713	3085077	3093712	3803509	3794831
NZ_AP017617.1	NC_020307.1	81.426	8571	4337576	4346102	2890987	2882446
NZ_AP017617.1	NC_020307.1	84.208	7219	8053	15205	2215843	2208681
NZ_AP017617.1	NC_020307.1	83.226	7577	4287135	4294683	2944484	2936937
NZ_AP017617.1	NC_020307.1	94.740	4335	4578621	4582948	2664494	2660163
NZ_AP017617.1	NC_020307.1	81.564	8196	1907641	1915795	536006	527845
NZ_AP017617.1	NC_020307.1	86.018	6215	3638223	3644430	3507457	3501255
NZ_AP017617.1	NC_020307.1	84.688	6531	2780538	2787053	4256815	4250299
NZ_AP017617.1	NC_020307.1	81.845	7816	2349493	2357265	16457	8691
NZ_AP017617.1	NC_020307.1	80.503	8237	2797238	2805438	4212312	4204107
NZ_AP017617.1	NC_020307.1	82.617	7076	2198404	2205451	1263063	1270105
NZ_AP017617.1	NC_020307.1	84.946	6138	3978131	3984247	3205273	3199153
NZ_AP017617.1	NC_020307.1	79.909	8556	914158	922658	1376717	1368217
NZ_AP017617.1	NC_020307.1	80.374	8244	1377514	1385683	421373	429549
NZ_AP017617.1	NC_020307.1	82.881	6887	482518	489377	1734672	1727838
NZ_AP017617.1	NC_020307.1	80.224	8222	1733720	1741906	697910	689728
NZ_AP017617.1	NC_020307.1	83.353	6656	4095797	4102431	3101532	3094905
NZ_AP017617.1	NC_020307.1	81.272	7609	5083888	5091430	2269708	2262136
NZ_AP017617.1	NC_020307.1	81.342	7509	3125610	3133069	3765032	3757579
NZ_AP017617.1	NC_020307.1	82.190	7024	1345529	1352523	369402	376397
NZ_AP017617.1	NC_020307.1	83.749	6375	2716514	2722872	4327223	4320891
NZ_AP017617.1	NC_020307.1	80.399	7964	260966	268875	1905958	1898062
NZ_AP017617.1	NC_020307.1	81.799	7148	4373547	4380663	2859839	2852740
NZ_AP017617.1	NC_020307.1	83.604	6337	4874094	4880400	2456614	2450321
NZ_AP017617.1	NC_020307.1	83.694	6292	2614514	2620772	4433164	4426901
NZ_AP017617.1	NC_020307.1	82.815	6651	4857924	4864516	2472542	2465920
NZ_AP017617.1	NC_020307.1	81.505	7256	403496	410695	1818181	1810978
NZ_AP017617.1	NC_020307.1	84.340	5996	3457504	3463490	3654760	3648783
NZ_AP017617.1	NC_020307.1	81.454	7182	638370	645512	1646228	1639080
NZ_AP017617.1	NC_020307.1	89.789	4544	449694	454231	1769644	1765111
NZ_AP017617.1	NC_020307.1	79.774	8128	732478	740532	1545337	1537262
NZ_AP017617.1	NC_020307.1	84.760	5794	3712911	3718683	3431239	3425466
NZ_AP017617.1	NC_020307.1	78.812	8741	1886466	1895121	553894	545240
NZ_AP017617.1	NC_020307.1	96.876	3425	4418725	4422140	2671596	2668183
NZ_AP017617.1	NC_020307.1	82.276	6652	186100	192722	1987180	1980557
NZ_AP017617.1	NC_020307.1	82.499	6554	44442	50950	2143614	2137091
NZ_AP017617.1	NC_020307.1	96.757	3423	233512	236924	2671596	2668193
NZ_AP017617.1	NC_020307.1	97.077	3387	233672	237046	2924461	2921093
NZ_AP017617.1	NC_020307.1	84.575	5731	427477	433188	1796611	1790894
NZ_AP017617.1	NC_020307.1	96.608	3420	3709387	3712798	2668196	2671596
NZ_AP017617.1	NC_020307.1	88.275	4708	34502	39201	2153558	2148859
NZ_AP017617.1	NC_020307.1	83.212	6201	4671817	4677985	2594728	2588574
NZ_AP017617.1	NC_020307.1	97.414	3287	4571997	4575276	2671439	2668161
NZ_AP017617.1	NC_020307.1	86.038	5207	3800636	3805822	3344274	3339082
NZ_AP017617.1	NC_020307.1	79.753	7759	2060411	2068108	1076335	1084048
NZ_AP017617.1	NC_020307.1	97.388	3254	4306969	4310216	2671439	2668193
NZ_AP017617.1	NC_020307.1	97.415	3250	4618552	4621794	2671439	2668196
NZ_AP017617.1	NC_020307.1	88.538	4554	4916748	4921296	2415327	2410782
NZ_AP017617.1	NC_020307.1	97.209	3260	4418884	4422132	2924461	2921212
NZ_AP017617.1	NC_020307.1	97.124	3268	4418884	4422140	2629330	2626073
NZ_AP017617.1	NC_020307.1	97.453	3220	233512	236722	1933629	1930420
NZ_AP017617.1	NC_020307.1	97.081	3254	4418725	4421962	1933629	1930385
NZ_AP017617.1	NC_020307.1	96.998	3265	233672	236924	2629330	2626083
NZ_AP017617.1	NC_020307.1	97.265	3217	3709587	3712798	1930420	1933629
NZ_AP017617.1	NC_020307.1	79.995	7493	1995786	2003235	453302	445868
NZ_AP017617.1	NC_020307.1	96.815	3265	3709382	3712638	2921212	2924461
NZ_AP017617.1	NC_020307.1	96.840	3260	3709387	3712638	2626086	2629330
NZ_AP017617.1	NC_020307.1	83.470	5868	2216892	2222735	1270223	1276067
NZ_AP017617.1	NC_020307.1	79.703	7607	2275843	2283417	1328963	1336520
NZ_AP017617.1	NC_020307.1	82.781	6098	4883063	4889138	2450232	2444152
NZ_AP017617.1	NC_020307.1	90.346	4133	2609422	2613542	4440712	4436590
NZ_AP017617.1	NC_020307.1	96.545	3271	2805796	2809048	2668186	2671439
NZ_AP017617.1	NC_020307.1	82.543	6118	1089170	1095268	190650	196754
NZ_AP017617.1	NC_020307.1	79.906	7420	1542584	1549951	862221	854861
NZ_AP017617.1	NC_020307.1	81.029	6784	2424316	2431064	4595478	4588738
NZ_AP017617.1	NC_020307.1	83.591	5698	147767	153432	2029920	2024237
NZ_AP017617.1	NC_020307.1	88.361	4382	414179	418558	1808120	1803743
NZ_AP017617.1	NC_020307.1	97.717	3066	4571997	4575055	1933472	1930414
NZ_AP017617.1	NC_020307.1	97.443	3090	4418884	4421962	3431419	3434502
NZ_AP017617.1	NC_020307.1	97.744	3058	233672	236721	3431419	3434470
NZ_AP017617.1	NC_020307.1	97.382	3094	4306969	4310049	1933472	1930385
NZ_AP017617.1	NC_020307.1	97.411	3090	4418884	4421962	4199950	4203033
NZ_AP017617.1	NC_020307.1	97.711	3058	233672	236721	4199950	4203001
NZ_AP017617.1	NC_020307.1	97.553	3065	4618552	4621608	1933472	1930414
NZ_AP017617.1	NC_020307.1	77.180	9264	1558419	1567584	852481	843302
NZ_AP017617.1	NC_020307.1	97.545	3055	3709588	3712638	3434470	3431419
NZ_AP017617.1	NC_020307.1	97.512	3055	3709588	3712638	4203001	4199950
NZ_AP017617.1	NC_020307.1	85.857	4914	4495538	4500439	2755312	2750407
NZ_AP017617.1	NC_020307.1	83.410	5654	3864135	3869754	3286960	3281330
NZ_AP017617.1	NC_020307.1	78.805	7851	952833	960622	77888	85689
NZ_AP017617.1	NC_020307.1	80.723	6723	1314943	1321627	339209	345905
NZ_AP017617.1	NC_020307.1	97.318	3057	2806007	2809048	1930420	1933472
NZ_AP017617.1	NC_020307.1	82.404	5973	846951	852901	1439435	1433487
NZ_AP017617.1	NC_020307.1	83.691	5506	2265031	2270521	1318024	1323513
NZ_AP017617.1	NC_020307.1	80.271	6929	2790311	2797186	4219329	4212432
NZ_AP017617.1	NC_020307.1	82.169	6040	4538711	4544726	2701800	2695784
NZ_AP017617.1	NC_020307.1	80.257	6934	1114773	1121656	223756	230630
NZ_AP017617.1	NC_020307.1	81.226	6397	2969291	2975662	3898089	3891719
NZ_AP017617.1	NC_020307.1	82.772	5758	4351169	4356907	2880649	2874921
NZ_AP017617.1	NC_020307.1	86.994	4498	2699927	2704417	4355533	4351043
NZ_AP017617.1	NC_020307.1	86.496	4606	1723652	1728252	708172	703571
NZ_AP017617.1	NC_020307.1	77.172	8897	2448104	2456919	4575797	4566960
NZ_AP017617.1	NC_020307.1	83.458	5489	4323877	4329336	2904113	2898666
NZ_AP017617.1	NC_020307.1	81.880	6054	2889658	2895670	4008904	4002885
NZ_AP017617.1	NC_020307.1	83.712	5323	1969048	1974355	477330	472030
NZ_AP017617.1	NC_020307.1	79.442	7209	4967719	4974849	2367643	2360476
NZ_AP017617.1	NC_020307.1	88.957	4057	2964501	2968548	3903623	3899581
NZ_AP017617.1	NC_020307.1	82.038	5968	1897185	1903065	543006	537069
NZ_AP017617.1	NC_020307.1	83.621	5336	4080842	4086164	3118641	3113341
NZ_AP017617.1	NC_020307.1	80.676	6484	4021364	4027808	3160385	3153942
NZ_AP017617.1	NC_020307.1	79.947	6762	4945561	4952286	2394738	2388006
NZ_AP017617.1	NC_020307.1	80.984	6279	239040	245271	1926803	1920552
NZ_AP017617.1	NC_020307.1	84.479	5006	723326	728310	1555263	1550279
NZ_AP017617.1	NC_020307.1	81.804	5864	2516324	2522164	4500121	4494294
NZ_AP017617.1	NC_020307.1	79.012	7304	1575237	1582482	835643	828428
NZ_AP017617.1	NC_020307.1	79.899	6701	3434792	3441428	3680444	3673785
NZ_AP017617.1	NC_020307.1	89.989	3746	2245759	2249487	1299327	1303058
NZ_AP017617.1	NC_020307.1	82.043	5697	1329057	1334722	353061	358741
NZ_AP017617.1	NC_020307.1	79.967	6579	929840	936385	1359852	1353303
NZ_AP017617.1	NC_020307.1	81.307	5906	2138680	2144554	1159270	1165143
NZ_AP017617.1	NC_020307.1	87.509	4091	762958	767043	1509944	1505865
NZ_AP017617.1	NC_020307.1	82.410	5435	807986	813383	1485027	1479609
NZ_AP017617.1	NC_020307.1	78.785	7127	1522878	1529940	912176	905100
NZ_AP017617.1	NC_020307.1	89.841	3642	4437791	4441426	2806808	2803170
NZ_AP017617.1	NC_020307.1	88.480	3863	758915	762771	1514315	1510456
NZ_AP017617.1	NC_020307.1	79.839	6473	2047792	2054198	1063874	1070318
NZ_AP017617.1	NC_020307.1	83.730	4911	86751	91654	2098235	2093337
NZ_AP017617.1	NC_020307.1	83.353	5034	4604916	4609915	2643104	2638099
NZ_AP017617.1	NC_020307.1	81.598	5581	2771586	2777152	4270614	4265052
NZ_AP017617.1	NC_020307.1	81.584	5620	4075085	4080668	3124456	3118867
NZ_AP017617.1	NC_020307.1	77.008	8255	1450409	1458572	983248	975085
NZ_AP017617.1	NC_020307.1	79.901	6279	2603127	2609362	4447126	4440900
NZ_AP017617.1	NC_020307.1	83.212	4926	682009	686918	1595591	1590674
NZ_AP017617.1	NC_020307.1	87.895	3858	2878821	2882661	4020324	4016499
NZ_AP017617.1	NC_020307.1	80.827	5826	4066432	4072201	3133182	3127395
NZ_AP017617.1	NC_020307.1	78.801	6854	2096431	2103224	1119476	1126250
NZ_AP017617.1	NC_020307.1	81.979	5327	2330670	2335967	35333	30036
NZ_AP017617.1	NC_020307.1	97.515	2616	4572666	4575276	2823589	2820981
NZ_AP017617.1	NC_020307.1	82.485	5127	3858789	3863892	3292590	3287478
NZ_AP017617.1	NC_020307.1	81.422	5512	1962066	1967551	484522	479041
NZ_AP017617.1	NC_020307.1	85.988	4168	3614396	3618551	3531447	3527292
NZ_AP017617.1	NC_020307.1	85.141	4361	2937536	2941882	3911766	3907418
NZ_AP017617.1	NC_020307.1	82.514	5084	4202759	4207813	3034498	3029422
NZ_AP017617.1	NC_020307.1	89.369	3518	4237947	4241463	2983238	2979722
NZ_AP017617.1	NC_020307.1	80.799	5682	1434151	1439805	991293	985628
NZ_AP017617.1	NC_020307.1	97.557	2579	4619221	4621794	2823589	2821016
NZ_AP017617.1	NC_020307.1	97.484	2583	4307638	4310216	2823589	2821013
NZ_AP017617.1	NC_020307.1	82.491	5026	2041442	2046451	1058644	1063658
NZ_AP017617.1	NC_020307.1	97.109	2594	4419553	4422140	2823589	2821003
NZ_AP017617.1	NC_020307.1	82.549	4991	2368294	2373268	4628140	4623166
NZ_AP017617.1	NC_020307.1	83.704	4627	338309	342921	1849983	1845364
NZ_AP017617.1	NC_020307.1	82.044	5146	3582209	3587328	3561996	3556864
NZ_AP017617.1	NC_020307.1	81.085	5509	1938574	1944052	505607	500143
NZ_AP017617.1	NC_020307.1	85.411	4195	4521358	4525544	2714546	2710372
NZ_AP017617.1	NC_020307.1	96.951	2591	234341	236924	2823589	2821013
NZ_AP017617.1	NC_020307.1	83.048	4796	1493761	1498540	938992	934210
NZ_AP017617.1	NC_020307.1	96.769	2600	2805796	2808388	2821006	2823589
NZ_AP017617.1	NC_020307.1	96.871	2589	3709387	3711968	2821016	2823589
NZ_AP017617.1	NC_020307.1	85.837	4088	25960	30026	2176900	2172827
NZ_AP017617.1	NC_020307.1	80.361	5754	1268894	1274580	292788	298521
NZ_AP017617.1	NC_020307.1	83.174	4695	1790233	1794921	625761	621074
NZ_AP017617.1	NC_020307.1	83.255	4694	3138544	3143212	3752059	3747382
NZ_AP017617.1	NC_020307.1	89.772	3334	4985261	4988590	2345852	2342523
NZ_AP017617.1	NC_020307.1	80.596	5540	4599396	4604908	2648755	2643237
NZ_AP017617.1	NC_020307.1	82.185	4951	100	5039	2223319	2218398
NZ_AP017617.1	NC_020307.1	83.051	4667	676442	681091	1602377	1597716
NZ_AP017617.1	NC_020307.1	78.750	6414	2578894	2585269	4472814	4466446
NZ_AP017617.1	NC_020307.1	81.597	5146	2300911	2306025	57595	52474
NZ_AP017617.1	NC_020307.1	86.059	3938	3134334	3138260	3756329	3752408
NZ_AP017617.1	NC_020307.1	80.021	5786	1262361	1268097	286145	291892
NZ_AP017617.1	NC_020307.1	78.899	6303	2343215	2349475	22791	16533
NZ_AP017617.1	NC_020307.1	81.802	5028	1340421	1345424	364347	369355
NZ_AP017617.1	NC_020307.1	81.420	5070	3632944	3638004	3512731	3507676
NZ_AP017617.1	NC_020307.1	85.107	4069	3871275	3875316	3279764	3275712
NZ_AP017617.1	NC_020307.1	86.253	3819	1931922	1935722	510777	506974
NZ_AP017617.1	NC_020307.1	80.143	5590	2531101	2536654	4494194	4488636
NZ_AP017617.1	NC_020307.1	85.788	3884	4512254	4516132	2726113	2722239
NZ_AP017617.1	NC_020307.1	80.370	5410	813522	818914	1478427	1473035
NZ_AP017617.1	NC_020307.1	82.307	4725	4621933	4626641	2625745	2621035
NZ_AP017617.1	NC_020307.1	83.695	4336	2975911	2980232	3890437	3886115
NZ_AP017617.1	NC_020307.1	86.699	3669	792839	796496	1502486	1498832
NZ_AP017617.1	NC_020307.1	87.646	3505	4265116	4268595	2966410	2962910
NZ_AP017617.1	NC_020307.1	87.751	3486	4275230	4278682	2957351	2953872
NZ_AP017617.1	NC_020307.1	82.869	4524	695566	700082	1585466	1580968
NZ_AP017617.1	NC_020307.1	79.361	5819	4331147	4336923	2896775	2890983
NZ_AP017617.1	NC_020307.1	86.281	3703	4629575	4633273	2617687	2613988
NZ_AP017617.1	NC_020307.1	79.016	5933	2362397	2368289	4634156	4628270
NZ_AP017617.1	NC_020307.1	83.759	4193	2109237	2113424	1132140	1136326
NZ_AP017617.1	NC_020307.1	80.566	5192	3956303	3961477	3226985	3221818
NZ_AP017617.1	NC_020307.1	83.364	4316	3676372	3680668	3459146	3454848
NZ_AP017617.1	NC_020307.1	80.493	5188	2847891	2853052	4053033	4047863
NZ_AP017617.1	NC_020307.1	85.060	3889	2070382	2074243	1092614	1096494
NZ_AP017617.1	NC_020307.1	82.866	4418	73173	77565	2109159	2104757
NZ_AP017617.1	NC_020307.1	77.025	7038	2360187	2367159	6965	1
NZ_AP017617.1	NC_020307.1	82.502	4492	539409	543878	1698808	1694341
NZ_AP017617.1	NC_020307.1	80.378	5188	3891660	3896801	3263789	3258617
NZ_AP017617.1	NC_020307.1	80.641	5083	3790898	3795952	3353225	3348172
NZ_AP017617.1	NC_020307.1	87.705	3351	3999287	4002617	3179098	3175761
NZ_AP017617.1	NC_020307.1	80.474	5147	2980418	2985533	3885882	3880773
NZ_AP017617.1	NC_020307.1	79.339	5595	4446208	4451762	2797398	2791825
NZ_AP017617.1	NC_020307.1	81.439	4795	2270569	2275349	1323729	1328475
NZ_AP017617.1	NC_020307.1	87.545	3364	3653120	3656468	3491555	3488205
NZ_AP017617.1	NC_020307.1	84.533	3918	5104557	5108461	2243805	2239905
NZ_AP017617.1	NC_020307.1	85.129	3759	1289646	1293398	314801	318548
NZ_AP017617.1	NC_020307.1	82.909	4283	2735427	2739698	4302547	4298285
NZ_AP017617.1	NC_020307.1	81.771	4619	922698	927272	1364515	1359919
NZ_AP017617.1	NC_020307.1	81.900	4547	3576439	3580946	3566614	3562100
NZ_AP017617.1	NC_020307.1	88.987	3051	2460044	2463090	4565730	4562682
NZ_AP017617.1	NC_020307.1	78.860	5667	2238330	2243961	1291937	1297566
NZ_AP017617.1	NC_020307.1	79.551	5350	1001364	1006670	98499	103795
NZ_AP017617.1	NC_020307.1	82.097	4396	423039	427413	1801099	1796722
NZ_AP017617.1	NC_020307.1	80.886	4808	3759604	3764365	3383337	3378558
NZ_AP017617.1	NC_020307.1	81.113	4728	1460345	1465024	974084	969384
NZ_AP017617.1	NC_020307.1	85.138	3620	2827426	2831042	4151670	4148056
NZ_AP017617.1	NC_020307.1	81.044	4695	3102737	3107407	3784255	3779608
NZ_AP017617.1	NC_020307.1	89.798	2872	4244110	4246971	2976875	2974015
NZ_AP017617.1	NC_020307.1	79.049	5446	2157504	2162906	2999807	2994403
NZ_AP017617.1	NC_020307.1	80.333	4866	4453114	4457961	2790785	2785942
NZ_AP017617.1	NC_020307.1	79.964	5031	4781164	4786159	4275354	4280354
NZ_AP017617.1	NC_020307.1	81.415	4482	2625526	2629991	4426747	4422284
NZ_AP017617.1	NC_020307.1	81.018	4578	842376	846940	1444112	1439551
NZ_AP017617.1	NC_020307.1	80.852	4648	3814016	3818640	3330700	3326086
NZ_AP017617.1	NC_020307.1	85.622	3415	4316853	4320265	2914482	2911070
NZ_AP017617.1	NC_020307.1	77.213	6271	5108902	5115128	2239388	2233164
NZ_AP017617.1	NC_020307.1	78.009	5866	4251876	4257683	2972315	2966505
NZ_AP017617.1	NC_020307.1	84.558	3620	66133	69746	2119657	2116044
NZ_AP017617.1	NC_020307.1	77.249	6246	2360997	2367186	3008240	3002041
NZ_AP017617.1	NC_020307.1	84.043	3735	2075902	2079612	1099493	1103201
NZ_AP017617.1	NC_020307.1	80.528	4694	4398916	4403577	2846687	2842023
NZ_AP017617.1	NC_020307.1	83.495	3817	2831118	2834928	4147267	4143457
NZ_AP017617.1	NC_020307.1	88.098	2991	3096488	3099473	3790663	3787676
NZ_AP017617.1	NC_020307.1	84.319	3654	4700260	4703893	2568278	2564659
NZ_AP017617.1	NC_020307.1	83.963	3679	4683240	4686913	2585291	2581619
NZ_AP017617.1	NC_020307.1	81.118	4438	4516260	4520669	2722081	2717662
NZ_AP017617.1	NC_020307.1	80.476	4620	2083303	2087894	1106166	1110766
NZ_AP017617.1	NC_020307.1	80.084	4765	863232	867967	1428853	1424118
NZ_AP017617.1	NC_020307.1	86.102	3245	2284400	2287641	1340196	1343435
NZ_AP017617.1	NC_020307.1	80.477	4610	1567772	1572359	843113	838529
NZ_AP017617.1	NC_020307.1	81.418	4289	3663774	3668048	3471720	3467444
NZ_AP017617.1	NC_020307.1	78.169	5625	869986	875547	1422014	1416443
NZ_AP017617.1	NC_020307.1	79.487	4948	3035871	3040793	3834282	3829353
NZ_AP017617.1	NC_020307.1	80.588	4590	4404384	4408903	2841072	2836495
NZ_AP017617.1	NC_020307.1	86.895	3098	3764454	3767547	3378411	3375320
NZ_AP017617.1	NC_020307.1	85.684	3269	246806	250069	1914342	1911079
NZ_AP017617.1	NC_020307.1	96.918	2044	4416672	4418710	2673722	2671682
NZ_AP017617.1	NC_020307.1	84.066	3571	1414626	1418172	1003755	1000191
NZ_AP017617.1	NC_020307.1	86.060	3185	4313631	4316810	2917799	2914619
NZ_AP017617.1	NC_020307.1	80.769	4316	3477605	3481907	3636203	3631898
NZ_AP017617.1	NC_020307.1	81.782	4040	2885126	2889146	4013540	4009517
NZ_AP017617.1	NC_020307.1	78.837	5056	4995471	5000497	2337010	2331994
NZ_AP017617.1	NC_020307.1	84.748	3357	3777930	3781275	3366292	3362947
NZ_AP017617.1	NC_020307.1	83.022	3693	936472	940153	1353192	1349511
NZ_AP017617.1	NC_020307.1	88.206	2798	140544	143327	2041492	2038696
NZ_AP017617.1	NC_020307.1	96.747	1998	3712813	3714806	1933715	1935709
NZ_AP017617.1	NC_020307.1	83.979	3483	2871606	2875078	4029494	4026025
NZ_AP017617.1	NC_020307.1	86.834	2985	799390	802361	1495954	1492983
NZ_AP017617.1	NC_020307.1	84.080	3436	2034721	2038149	1051606	1055035
NZ_AP017617.1	NC_020307.1	78.065	5334	4037658	4042953	3147802	3142505
NZ_AP017617.1	NC_020307.1	80.408	4415	3656479	3660854	3488114	3483731
NZ_AP017617.1	NC_020307.1	96.937	1959	4304829	4306785	2826661	2824706
NZ_AP017617.1	NC_020307.1	97.166	1941	4304847	4306785	2673722	2671785
NZ_AP017617.1	NC_020307.1	81.470	4026	836567	840575	1450168	1446160
NZ_AP017617.1	NC_020307.1	77.220	5733	1616263	1621943	797953	792260
NZ_AP017617.1	NC_020307.1	78.626	4992	886472	891439	1407482	1402515
NZ_AP017617.1	NC_020307.1	83.498	3533	1096696	1100206	198012	201529
NZ_AP017617.1	NC_020307.1	81.443	4020	4126750	4130749	3076942	3072946
NZ_AP017617.1	NC_020307.1	83.899	3416	882258	885664	1411105	1407697
NZ_AP017617.1	NC_020307.1	96.771	1951	4416667	4418612	2926588	2924641
NZ_AP017617.1	NC_020307.1	96.901	1936	2809232	2811165	2671785	2673716
NZ_AP017617.1	NC_020307.1	77.592	5498	1951725	1957166	492388	486934
NZ_AP017617.1	NC_020307.1	79.382	4627	1595897	1600507	821427	816815
NZ_AP017617.1	NC_020307.1	97.420	1899	4616472	4618368	1935711	1933818
NZ_AP017617.1	NC_020307.1	96.798	1936	2809232	2811165	2824706	2826637
NZ_AP017617.1	NC_020307.1	96.520	1954	4569863	4571813	2826655	2824706
NZ_AP017617.1	NC_020307.1	82.295	3756	2641139	2644880	4411030	4407296
NZ_AP017617.1	NC_020307.1	81.499	3935	1925564	1929492	517192	513270
NZ_AP017617.1	NC_020307.1	97.162	1903	231500	233399	2631409	2629510
NZ_AP017617.1	NC_020307.1	97.159	1901	231502	233399	3429342	3431239
NZ_AP017617.1	NC_020307.1	80.050	4376	4544759	4549105	2695704	2691346
NZ_AP017617.1	NC_020307.1	82.069	3809	2504051	2507832	4513640	4509856
NZ_AP017617.1	NC_020307.1	96.906	1907	3712813	3714716	2671682	2673583
NZ_AP017617.1	NC_020307.1	80.532	4176	1835540	1839703	580898	576734
NZ_AP017617.1	NC_020307.1	84.764	3216	4864859	4868053	2465549	2462355
NZ_AP017617.1	NC_020307.1	84.551	3217	2666681	2669894	4384072	4380858
NZ_AP017617.1	NC_020307.1	96.801	1907	3712813	3714716	2824603	2826504
NZ_AP017617.1	NC_020307.1	83.962	3286	2912271	2915555	3990319	3987035
NZ_AP017617.1	NC_020307.1	96.579	1900	3712911	3714806	2629510	2631407
NZ_AP017617.1	NC_020307.1	96.488	1908	231594	233497	2673583	2671682
NZ_AP017617.1	NC_020307.1	96.488	1908	4416810	4418710	1935618	1933715
NZ_AP017617.1	NC_020307.1	84.028	3287	3748542	3751817	3395338	3392063
NZ_AP017617.1	NC_020307.1	78.816	4763	4224953	4229676	3013102	3008373
NZ_AP017617.1	NC_020307.1	77.744	5230	168670	173858	2004783	1999593
NZ_AP017617.1	NC_020307.1	96.384	1908	231594	233497	2826504	2824603
NZ_AP017617.1	NC_020307.1	88.845	2555	198962	201512	1969439	1966892
NZ_AP017617.1	NC_020307.1	83.231	3429	4707426	4710845	2535609	2532191
NZ_AP017617.1	NC_020307.1	85.200	3054	3847889	3850938	3305454	3302405
NZ_AP017617.1	NC_020307.1	83.935	3299	115587	118877	2069179	2065905
NZ_AP017617.1	NC_020307.1	82.687	3558	3557108	3560650	3584369	3580830
NZ_AP017617.1	NC_020307.1	79.753	4381	3881022	3885376	3268752	3264406
NZ_AP017617.1	NC_020307.1	79.986	4272	3144538	3148792	3745261	3741006
NZ_AP017617.1	NC_020307.1	80.023	4275	1809188	1813436	615489	611236
NZ_AP017617.1	NC_020307.1	79.612	4429	4016775	4021171	3165939	3161552
NZ_AP017617.1	NC_020307.1	81.855	3709	2691923	2695621	4368708	4365010
NZ_AP017617.1	NC_020307.1	78.733	4735	803142	807839	1491814	1487126
NZ_AP017617.1	NC_020307.1	88.951	2516	4320277	4322775	2909450	2906938
NZ_AP017617.1	NC_020307.1	97.360	1818	3712911	3714726	4199770	4197954
NZ_AP017617.1	NC_020307.1	82.010	3641	728375	732007	1549606	1545973
NZ_AP017617.1	NC_020307.1	80.067	4194	828397	832569	1461227	1457056
NZ_AP017617.1	NC_020307.1	92.797	2124	2825291	2827400	4153934	4151812
NZ_AP017617.1	NC_020307.1	79.659	4287	2408631	2412896	4606278	4602011
NZ_AP017617.1	NC_020307.1	95.241	1933	4416690	4418612	4197844	4199770
NZ_AP017617.1	NC_020307.1	96.866	1819	231584	233399	4197954	4199770
NZ_AP017617.1	NC_020307.1	96.794	1809	3712911	3714716	2924641	2926444
NZ_AP017617.1	NC_020307.1	96.731	1805	4304986	4306785	1935618	1933818
NZ_AP017617.1	NC_020307.1	96.731	1805	2809232	2811031	1933818	1935618
NZ_AP017617.1	NC_020307.1	82.233	3484	3551121	3554591	3588762	3585293
NZ_AP017617.1	NC_020307.1	87.167	2626	4241464	4244086	2979573	2976952
NZ_AP017617.1	NC_020307.1	96.456	1806	4616566	4618368	2673583	2671785
NZ_AP017617.1	NC_020307.1	80.198	4040	4692048	4696069	2576349	2572358
NZ_AP017617.1	NC_020307.1	96.354	1810	231594	233399	2926444	2924641
NZ_AP017617.1	NC_020307.1	86.538	2704	2405669	2408364	4609302	4606604
NZ_AP017617.1	NC_020307.1	96.298	1810	4416810	4418612	2631316	2629510
NZ_AP017617.1	NC_020307.1	96.298	1810	4416810	4418612	3429433	3431239
NZ_AP017617.1	NC_020307.1	81.877	3559	2865531	2869061	4034776	4031229
NZ_AP017617.1	NC_020307.1	96.596	1792	4570028	4571813	1935604	1933818
NZ_AP017617.1	NC_020307.1	96.346	1806	4616566	4618368	2826504	2824706
NZ_AP017617.1	NC_020307.1	81.122	3708	3463601	3467268	3648617	3644918
NZ_AP017617.1	NC_020307.1	89.385	2327	4725627	4727946	2516108	2513789
NZ_AP017617.1	NC_020307.1	87.916	2491	3121825	3124307	3772160	3769680
NZ_AP017617.1	NC_020307.1	81.607	3523	193490	197010	1975290	1971772
NZ_AP017617.1	NC_020307.1	82.791	3318	4431450	4434735	2813154	2809863
NZ_AP017617.1	NC_020307.1	82.250	3386	2875137	2878512	4024265	4020889
NZ_AP017617.1	NC_020307.1	87.337	2535	4958616	4961147	2384450	2381920
NZ_AP017617.1	NC_020307.1	83.328	3161	4771792	4774929	2496093	2492938
NZ_AP017617.1	NC_020307.1	85.287	2807	3908179	3910984	3252428	3249624
NZ_AP017617.1	NC_020307.1	84.949	2857	2787342	2790195	4222314	4219463
NZ_AP017617.1	NC_020307.1	85.829	2731	4072262	4074988	3127204	3124500
NZ_AP017617.1	NC_020307.1	80.794	3702	1394065	1397748	437227	440912
NZ_AP017617.1	NC_020307.1	81.366	3558	4360515	4364051	2870424	2866880
NZ_AP017617.1	NC_020307.1	80.154	3885	2861505	2865369	4038803	4034938
NZ_AP017617.1	NC_020307.1	79.889	3968	2194334	2198274	1259107	1263049
NZ_AP017617.1	NC_020307.1	84.476	2918	2985907	2988815	3880387	3877482
NZ_AP017617.1	NC_020307.1	79.266	4196	2588367	2592518	4460536	4456374
NZ_AP017617.1	NC_020307.1	81.667	3491	4941925	4945375	2398257	2394788
NZ_AP017617.1	NC_020307.1	78.378	4426	3699595	3704003	3440732	3436322
NZ_AP017617.1	NC_020307.1	82.972	3183	4933341	4936506	2406862	2403711
NZ_AP017617.1	NC_020307.1	77.934	4627	1473518	1478106	961872	957278
NZ_AP017617.1	NC_020307.1	86.299	2591	5095068	5097656	2258538	2255949
NZ_AP017617.1	NC_020307.1	79.104	4130	633117	637225	1651660	1647550
NZ_AP017617.1	NC_020307.1	80.556	3672	514160	517819	1707812	1704152
NZ_AP017617.1	NC_020307.1	82.284	3240	2656454	2659689	4393435	4390200
NZ_AP017617.1	NC_020307.1	77.000	5013	3989450	3994419	3193124	3188151
NZ_AP017617.1	NC_020307.1	80.948	3543	3547568	3551098	3592356	3588826
NZ_AP017617.1	NC_020307.1	84.254	2877	2687037	2689897	4373701	4370833
NZ_AP017617.1	NC_020307.1	84.936	2755	706490	709236	1576538	1573794
NZ_AP017617.1	NC_020307.1	82.692	3143	1609113	1612244	805159	802027
NZ_AP017617.1	NC_020307.1	76.429	5265	3223420	3228642	4537126	4531905
NZ_AP017617.1	NC_020307.1	81.205	3469	3756052	3759502	3386863	3383412
NZ_AP017617.1	NC_020307.1	84.668	2785	2764154	2766930	4285192	4282422
NZ_AP017617.1	NC_020307.1	80.837	3538	4667253	4670773	2600642	2597124
NZ_AP017617.1	NC_020307.1	82.111	3231	4428122	4431341	2816433	2813214
NZ_AP017617.1	NC_020307.1	81.263	3437	80353	83770	2103814	2100398
NZ_AP017617.1	NC_020307.1	81.432	3409	1321798	1325161	349513	352906
NZ_AP017617.1	NC_020307.1	82.399	3159	1390905	1394050	434034	437178
NZ_AP017617.1	NC_020307.1	79.432	3982	4716920	4720858	2523839	2519910
NZ_AP017617.1	NC_020307.1	79.706	3814	2507876	2511672	4509846	4506049
NZ_AP017617.1	NC_020307.1	82.920	3021	3029388	3032404	3841062	3838048
NZ_AP017617.1	NC_020307.1	76.806	5040	2375954	2380919	4622276	4617292
NZ_AP017617.1	NC_020307.1	76.308	5331	1945966	1951223	691146	696400
NZ_AP017617.1	NC_020307.1	85.826	2568	3152106	3154666	3737771	3735217
NZ_AP017617.1	NC_020307.1	81.324	3368	1306066	1309419	331703	335048
NZ_AP017617.1	NC_020307.1	87.918	2301	1529692	1531985	904702	902410
NZ_AP017617.1	NC_020307.1	79.159	3949	2056109	2060035	1072035	1075958
NZ_AP017617.1	NC_020307.1	84.658	2705	4551161	4553860	2689250	2686552
NZ_AP017617.1	NC_020307.1	85.222	2612	875756	878363	1416254	1413647
NZ_AP017617.1	NC_020307.1	81.026	3410	5091645	5095030	2262008	2258621
NZ_AP017617.1	NC_020307.1	81.869	3199	3099559	3102735	3787546	3784361
NZ_AP017617.1	NC_020307.1	89.731	2084	767063	769143	1505801	1503720
NZ_AP017617.1	NC_020307.1	79.706	3740	4912913	4916625	2419153	2415460
NZ_AP017617.1	NC_020307.1	80.554	3466	3481926	3485382	3631784	3628347
NZ_AP017617.1	NC_020307.1	77.600	4433	1622111	1626510	788364	783962
NZ_AP017617.1	NC_020307.1	79.604	3741	3968280	3971985	3214893	3211177
NZ_AP017617.1	NC_020307.1	78.673	4084	668701	672734	1610187	1606158
NZ_AP017617.1	NC_020307.1	86.934	2342	5060521	5062856	2285526	2283193
NZ_AP017617.1	NC_020307.1	79.015	3898	4485396	4489266	2767621	2763752
NZ_AP017617.1	NC_020307.1	80.529	3441	3787322	3790745	3356732	3353307
NZ_AP017617.1	NC_020307.1	84.923	2600	3696084	3698670	3446488	3443903
NZ_AP017617.1	NC_020307.1	85.002	2567	4561841	4564403	2681637	2679074
NZ_AP017617.1	NC_020307.1	89.229	2089	2739785	2741859	4298098	4296012
NZ_AP017617.1	NC_020307.1	79.753	3640	92135	95747	2092854	2089241
NZ_AP017617.1	NC_020307.1	83.952	2723	4507679	4510386	2729354	2726643
NZ_AP017617.1	NC_020307.1	85.837	2443	4965048	4967484	2370329	2367894
NZ_AP017617.1	NC_020307.1	81.378	3265	3781296	3784513	3362852	3359636
NZ_AP017617.1	NC_020307.1	78.014	4148	460661	464781	1757463	1753333
NZ_AP017617.1	NC_020307.1	96.115	1570	4921884	4923453	2409564	2407995
NZ_AP017617.1	NC_020307.1	78.996	3804	1518680	1522463	917884	914102
NZ_AP017617.1	NC_020307.1	86.092	2380	2417413	2419786	4601653	4599281
NZ_AP017617.1	NC_020307.1	80.302	3447	2382384	2385801	4615808	4612393
NZ_AP017617.1	NC_020307.1	83.333	2778	5098938	5101691	2249419	2246648
NZ_AP017617.1	NC_020307.1	85.691	2411	4990250	4992657	2340734	2338325
NZ_AP017617.1	NC_020307.1	86.293	2371	2925908	2928257	3926792	3924448
NZ_AP017617.1	NC_020307.1	91.123	1870	3495206	3497069	3622423	3620554
NZ_AP017617.1	NC_020307.1	82.745	2834	4434926	4437753	2809772	2806945
NZ_AP017617.1	NC_020307.1	81.436	3092	2647500	2650579	4404570	4401490
NZ_AP017617.1	NC_020307.1	85.649	2397	4102496	4104878	3094800	3092406
NZ_AP017617.1	NC_020307.1	81.155	3152	52366	55502	2130792	2127653
NZ_AP017617.1	NC_020307.1	77.488	4260	2313714	2317953	44415	40191
NZ_AP017617.1	NC_020307.1	82.826	2824	3010959	3013768	3859612	3856802
NZ_AP017617.1	NC_020307.1	87.552	2177	2596497	2598665	4454149	4451985
NZ_AP017617.1	NC_020307.1	88.135	2107	1421027	1423130	995560	993458
NZ_AP017617.1	NC_020307.1	79.942	3425	2031252	2034660	1047740	1051158
NZ_AP017617.1	NC_020307.1	81.246	3146	493850	496984	1723319	1720209
NZ_AP017617.1	NC_020307.1	81.953	2959	4458073	4461023	2785720	2782770
NZ_AP017617.1	NC_020307.1	82.969	2789	673579	676350	1605273	1602502
NZ_AP017617.1	NC_020307.1	83.878	2630	173867	176486	1999536	1996933
NZ_AP017617.1	NC_020307.1	79.351	3545	1275763	1279289	299297	302825
NZ_AP017617.1	NC_020307.1	82.126	2898	1060669	1063554	157674	160558
NZ_AP017617.1	NC_020307.1	81.104	3133	2683836	2686934	4376838	4373726
NZ_AP017617.1	NC_020307.1	85.161	2426	3682176	3684586	3452153	3449746
NZ_AP017617.1	NC_020307.1	80.605	3238	378119	381315	1843310	1840093
NZ_AP017617.1	NC_020307.1	81.796	2917	2175203	2178116	467205	470118
NZ_AP017617.1	NC_020307.1	83.726	2587	3673640	3676223	3461829	3459247
NZ_AP017617.1	NC_020307.1	86.222	2250	4056901	4059143	3142374	3140131
NZ_AP017617.1	NC_020307.1	85.758	2282	3447693	3449970	3660878	3658601
NZ_AP017617.1	NC_020307.1	73.170	7089	2440319	2447322	4583570	4576556
NZ_AP017617.1	NC_020307.1	84.008	2520	501232	503742	1715732	1713223
NZ_AP017617.1	NC_020307.1	77.573	4071	1255005	1259046	278834	282855
NZ_AP017617.1	NC_020307.1	86.455	2178	4364055	4366232	2866828	2864651
NZ_AP017617.1	NC_020307.1	81.556	2917	3902192	3905095	3258539	3255640
NZ_AP017617.1	NC_020307.1	78.016	3830	1585272	1589084	825498	821688
NZ_AP017617.1	NC_020307.1	78.144	3857	2652555	2656379	4397335	4393531
NZ_AP017617.1	NC_020307.1	82.578	2692	1869097	1871787	566510	563820
NZ_AP017617.1	NC_020307.1	86.124	2198	2501689	2503884	4515984	4513788
NZ_AP017617.1	NC_020307.1	82.428	2743	2224180	2226898	1277534	1280263
NZ_AP017617.1	NC_020307.1	78.472	3679	2088017	2091658	1110766	1114419
NZ_AP017617.1	NC_020307.1	80.106	3197	854077	857252	1433155	1429978
NZ_AP017617.1	NC_020307.1	82.198	2775	127966	130706	2053913	2051152
NZ_AP017617.1	NC_020307.1	80.686	3034	3806046	3809062	3338859	3335831
NZ_AP017617.1	NC_020307.1	81.186	2934	454256	457175	1764987	1762068
NZ_AP017617.1	NC_020307.1	83.710	2480	2513469	2515941	4502976	4500503
NZ_AP017617.1	NC_020307.1	76.375	4436	4908327	4912728	2423665	2419263
NZ_AP017617.1	NC_020307.1	83.222	2539	2918877	2921412	3941949	3939414
NZ_AP017617.1	NC_020307.1	84.638	2337	2922980	2925309	3926801	3929128
NZ_AP017617.1	NC_020307.1	80.102	3141	119441	122568	2065032	2061908
NZ_AP017617.1	NC_020307.1	79.792	3271	2307315	2310551	50909	47683
NZ_AP017617.1	NC_020307.1	77.461	3962	3972138	3976065	3211052	3207132
NZ_AP017617.1	NC_020307.1	85.695	2181	3443017	3445195	3671016	3668836
NZ_AP017617.1	NC_020307.1	79.048	3384	4116000	4119369	3080513	3077144
NZ_AP017617.1	NC_020307.1	86.248	2116	4713083	4715197	2527781	2525668
NZ_AP017617.1	NC_020307.1	78.784	3488	490256	493707	1726845	1723381
NZ_AP017617.1	NC_020307.1	77.325	3978	1084975	1088921	186557	190486
NZ_AP017617.1	NC_020307.1	77.586	3886	902405	906242	1388298	1384446
NZ_AP017617.1	NC_020307.1	78.937	3404	3876657	3880033	3274388	3271004
NZ_AP017617.1	NC_020307.1	79.266	3323	1040112	1043394	137838	141140
NZ_AP017617.1	NC_020307.1	80.576	2986	1827199	1830162	603420	600461
NZ_AP017617.1	NC_020307.1	90.496	1715	2068615	2070325	1090904	1092611
NZ_AP017617.1	NC_020307.1	83.199	2482	702306	704778	1580849	1578381
NZ_AP017617.1	NC_020307.1	80.911	2855	3818977	3821826	3325775	3322925
NZ_AP017617.1	NC_020307.1	82.351	2578	3693267	3695842	3449637	3447062
NZ_AP017617.1	NC_020307.1	85.933	2090	980128	982211	87172	89258
NZ_AP017617.1	NC_020307.1	84.003	2313	2645068	2647379	4406984	4404673
NZ_AP017617.1	NC_020307.1	79.029	3276	3964941	3968202	3218193	3214931
NZ_AP017617.1	NC_020307.1	84.059	2296	4766009	4768303	2502753	2500459
NZ_AP017617.1	NC_020307.1	84.133	2294	2820065	2822354	4189481	4187193
NZ_AP017617.1	NC_020307.1	86.547	2007	4961242	4963243	2381801	2379798
NZ_AP017617.1	NC_020307.1	78.808	3388	2297482	2300802	61086	57716
NZ_AP017617.1	NC_020307.1	82.251	2586	3154689	3157241	3735145	3732572
NZ_AP017617.1	NC_020307.1	78.746	3364	910455	913773	1380450	1377112
NZ_AP017617.1	NC_020307.1	84.756	2191	143915	146100	2033898	2031713
NZ_AP017617.1	NC_020307.1	74.277	5532	626319	631740	1658575	1653115
NZ_AP017617.1	NC_020307.1	91.068	1601	4329372	4330971	2898538	2896939
NZ_AP017617.1	NC_020307.1	83.901	2261	4380686	4382943	2852585	2850328
NZ_AP017617.1	NC_020307.1	86.240	1984	4710936	4712917	2529968	2527986
NZ_AP017617.1	NC_020307.1	79.550	3066	4422319	4425361	2820621	2817582
NZ_AP017617.1	NC_020307.1	77.653	3571	3645811	3649359	3497198	3493652
NZ_AP017617.1	NC_020307.1	76.702	3923	3669745	3673633	3465764	3461873
NZ_AP017617.1	NC_020307.1	81.164	2681	2119070	2121726	1141869	1144534
NZ_AP017617.1	NC_020307.1	80.048	2887	3026505	3029374	3844010	3841142
NZ_AP017617.1	NC_020307.1	83.392	2276	4211177	4213442	3025008	3022743
NZ_AP017617.1	NC_020307.1	82.414	2394	950230	952618	75355	77744
NZ_AP017617.1	NC_020307.1	82.713	2337	4534413	4536740	2704232	2701903
NZ_AP017617.1	NC_020307.1	77.743	3473	3157317	3160733	3732483	3729034
NZ_AP017617.1	NC_020307.1	85.169	2016	3751815	3753823	3391930	3389919
NZ_AP017617.1	NC_020307.1	76.610	3835	1736679	1740482	494217	498017
NZ_AP017617.1	NC_020307.1	97.892	1186	4579259	4580444	3402167	3403352
NZ_AP017617.1	NC_020307.1	97.890	1185	3740779	3741963	2662671	2663855
NZ_AP017617.1	NC_020307.1	84.766	2048	4975054	4977095	2359840	2357796
NZ_AP017617.1	NC_020307.1	77.007	3675	1632008	1635645	778472	774829
NZ_AP017617.1	NC_020307.1	75.291	4468	645666	650056	1639017	1634580
NZ_AP017617.1	NC_020307.1	84.780	2050	2723041	2725065	4320722	4318677
NZ_AP017617.1	NC_020307.1	82.873	2283	2742636	2744902	4295278	4293012
NZ_AP017617.1	NC_020307.1	81.461	2492	834054	836532	1455489	1453012
NZ_AP017617.1	NC_020307.1	83.116	2221	3767625	3769841	3375171	3372959
NZ_AP017617.1	NC_020307.1	80.081	2726	3542795	3545512	3596762	3594046
NZ_AP017617.1	NC_020307.1	84.451	2058	5115252	5117295	2225487	2223443
NZ_AP017617.1	NC_020307.1	76.201	3933	1724365	1728252	2778472	2774582
NZ_AP017617.1	NC_020307.1	83.152	2208	3107575	3109764	3779442	3777241
NZ_AP017617.1	NC_020307.1	82.964	2213	2496717	2498927	4528177	4525970
NZ_AP017617.1	NC_020307.1	87.421	1733	4664860	4666590	2603073	2601344
NZ_AP017617.1	NC_020307.1	83.580	2162	796497	798646	1498751	1496626
NZ_AP017617.1	NC_020307.1	81.616	2426	4371068	4373482	2862270	2859864
NZ_AP017617.1	NC_020307.1	79.107	2910	2385894	2388790	4612284	4609388
NZ_AP017617.1	NC_020307.1	84.082	2048	2029116	2031162	1045649	1047694
NZ_AP017617.1	NC_020307.1	78.928	2947	2319760	2322672	38365	35426
NZ_AP017617.1	NC_020307.1	87.064	1747	2883338	2885076	4015667	4013925
NZ_AP017617.1	NC_020307.1	75.257	4284	2598740	2602968	4451551	4447309
NZ_AP017617.1	NC_020307.1	76.958	3537	2103419	2106912	1126447	1129944
NZ_AP017617.1	NC_020307.1	81.595	2358	3445245	3447597	3663348	3660996
NZ_AP017617.1	NC_020307.1	77.420	3295	22281	25562	2180630	2177349
NZ_AP017617.1	NC_020307.1	78.003	3205	4013489	4016657	3169214	3166054
NZ_AP017617.1	NC_020307.1	81.443	2398	1334726	1337106	358855	361235
NZ_AP017617.1	NC_020307.1	77.624	3249	4575299	4578512	2667859	2664625
NZ_AP017617.1	NC_020307.1	83.075	2133	4059166	4061289	3140074	3137950
NZ_AP017617.1	NC_020307.1	83.599	2067	2025376	2027432	1041517	1043573
NZ_AP017617.1	NC_020307.1	80.623	2503	1572484	1574974	838389	835899
NZ_AP017617.1	NC_020307.1	84.028	2016	3485487	3487488	3628215	3626214
NZ_AP017617.1	NC_020307.1	88.633	1566	3491708	3493269	3625991	3624438
NZ_AP017617.1	NC_020307.1	81.466	2320	5074332	5076645	2281176	2278864
NZ_AP017617.1	NC_020307.1	78.437	2931	3533669	3536576	3603911	3601001
NZ_AP017617.1	NC_020307.1	78.780	2837	2169724	2172539	461762	464580
NZ_AP017617.1	NC_020307.1	82.682	2125	3753885	3755996	3389069	3386960
NZ_AP017617.1	NC_020307.1	78.606	2870	1816563	1819405	608783	605932
NZ_AP017617.1	NC_020307.1	78.841	2812	3517686	3520469	3608369	3605576
NZ_AP017617.1	NC_020307.1	83.802	1957	2009503	2011441	442987	441037
NZ_AP017617.1	NC_020307.1	79.414	2628	1866497	1869110	573411	570791
NZ_AP017617.1	NC_020307.1	77.921	3021	4005149	4008129	3173684	3170678
NZ_AP017617.1	NC_020307.1	81.277	2302	466672	468958	1751357	1749074
NZ_AP017617.1	NC_020307.1	80.466	2406	69874	72269	2115906	2113510
NZ_AP017617.1	NC_020307.1	81.644	2239	236787	238983	1930252	1928030
NZ_AP017617.1	NC_020307.1	79.736	2502	1285582	1288073	310722	313219
NZ_AP017617.1	NC_020307.1	81.686	2195	1881687	1883856	558696	556506
NZ_AP017617.1	NC_020307.1	87.158	1573	4988680	4990252	2342429	2340858
NZ_AP017617.1	NC_020307.1	83.030	1980	721252	723228	1562329	1560361
NZ_AP017617.1	NC_020307.1	77.856	2967	389455	392385	1831195	1828260
NZ_AP017617.1	NC_020307.1	83.519	1887	4294687	4296572	2936808	2934923
NZ_AP017617.1	NC_020307.1	84.071	1852	3660927	3662772	3474996	3473171
NZ_AP017617.1	NC_020307.1	77.447	3024	2261284	2264274	1314898	1317893
NZ_AP017617.1	NC_020307.1	75.268	3829	4466753	4470538	707371	703588
NZ_AP017617.1	NC_020307.1	80.959	2211	1471095	1473300	964284	962077
NZ_AP017617.1	NC_020307.1	82.453	2006	4502669	4504665	2733431	2731433
NZ_AP017617.1	NC_020307.1	76.126	3418	457241	460629	1761947	1758560
NZ_AP017617.1	NC_020307.1	81.754	2132	4869694	4871792	2460573	2458462
NZ_AP017617.1	NC_020307.1	82.517	2002	2818023	2820011	4192406	4190419
NZ_AP017617.1	NC_020307.1	81.388	2133	1923418	1925545	520217	518091
NZ_AP017617.1	NC_020307.1	77.595	2919	509327	512222	1712668	1709772
NZ_AP017617.1	NC_020307.1	79.873	2370	382784	385143	1838586	1836224
NZ_AP017617.1	NC_020307.1	82.674	1945	4505657	4507594	2731317	2729378
NZ_AP017617.1	NC_020307.1	80.540	2297	3797540	3799810	3346623	3344356
NZ_AP017617.1	NC_020307.1	79.618	2463	1719285	1721702	711996	709565
NZ_AP017617.1	NC_020307.1	83.032	1880	2038135	2040001	1056685	1058564
NZ_AP017617.1	NC_020307.1	87.953	1436	3094971	3096403	3793411	3791979
NZ_AP017617.1	NC_020307.1	81.922	2008	3827538	3829529	3321095	3319095
NZ_AP017617.1	NC_020307.1	83.242	1820	4555525	4557336	2684994	2683181
NZ_AP017617.1	NC_020307.1	76.077	3319	1612284	1615563	801837	798562
NZ_AP017617.1	NC_020307.1	81.943	1966	4939873	4941832	2400389	2398431
NZ_AP017617.1	NC_020307.1	90.741	1242	4368129	4369366	2864459	2863219
NZ_AP017617.1	NC_020307.1	86.334	1522	2074247	2075762	1096553	1098066
NZ_AP017617.1	NC_020307.1	82.152	1933	3851091	3853015	3302106	3300181
NZ_AP017617.1	NC_020307.1	84.440	1671	3619044	3620712	3526776	3525108
NZ_AP017617.1	NC_020307.1	84.902	1636	1015012	1016642	106646	108273
NZ_AP017617.1	NC_020307.1	79.276	2403	945980	948368	71005	73374
NZ_AP017617.1	NC_020307.1	76.776	2984	741360	744323	1536907	1533945
NZ_AP017617.1	NC_020307.1	76.746	2993	2287646	2290614	1343497	1346466
NZ_AP017617.1	NC_020307.1	84.747	1639	704841	706468	1578245	1576611
NZ_AP017617.1	NC_020307.1	83.629	1747	4758019	4759752	2510715	2508974
NZ_AP017617.1	NC_020307.1	83.324	1763	2690082	2691838	4370565	4368810
NZ_AP017617.1	NC_020307.1	83.183	1772	948444	950211	73499	75265
NZ_AP017617.1	NC_020307.1	85.162	1577	2318056	2319629	40036	38463
NZ_AP017617.1	NC_020307.1	78.317	2555	1467459	1469988	966929	964396
NZ_AP017617.1	NC_020307.1	92.870	1108	3120564	3121670	3773308	3772201
NZ_AP017617.1	NC_020307.1	80.566	2120	3810200	3812302	3334606	3332503
NZ_AP017617.1	NC_020307.1	81.114	2028	2477449	2479457	4548435	4546420
NZ_AP017617.1	NC_020307.1	83.276	1740	412419	414150	1810019	1808287
NZ_AP017617.1	NC_020307.1	81.310	1985	4030270	4032240	3152724	3150754
NZ_AP017617.1	NC_020307.1	79.774	2215	4721278	4723471	2519340	2517144
NZ_AP017617.1	NC_020307.1	79.855	2204	2539173	2541349	4487883	4485702
NZ_AP017617.1	NC_020307.1	83.653	1670	653042	654706	1631291	1629627
NZ_AP017617.1	NC_020307.1	81.318	1943	395664	397597	1825973	1824038
NZ_AP017617.1	NC_020307.1	82.892	1736	3515677	3517407	3610448	3608716
NZ_AP017617.1	NC_020307.1	82.172	1823	1386059	1387869	429925	431743
NZ_AP017617.1	NC_020307.1	82.939	1735	2660214	2661941	4389640	4387913
NZ_AP017617.1	NC_020307.1	81.997	1833	4391490	4393319	2848555	2846729
NZ_AP017617.1	NC_020307.1	76.522	2956	2338626	2341539	27558	24637
NZ_AP017617.1	NC_020307.1	82.084	1814	166665	168475	2006890	2005080
NZ_AP017617.1	NC_020307.1	78.479	2407	125532	127915	2058928	2056533
NZ_AP017617.1	NC_020307.1	79.383	2236	1439916	1442128	985567	983349
NZ_AP017617.1	NC_020307.1	83.661	1628	2027490	2029116	1043971	1045597
NZ_AP017617.1	NC_020307.1	77.929	2492	178213	180688	1995195	1992716
NZ_AP017617.1	NC_020307.1	82.701	1740	2573559	2575289	4475984	4474266
NZ_AP017617.1	NC_020307.1	80.852	1948	180721	182662	1992605	1990667
NZ_AP017617.1	NC_020307.1	82.169	1789	4626766	4628543	2620989	2619215
NZ_AP017617.1	NC_020307.1	83.384	1637	4034587	4036220	3150462	3148828
NZ_AP017617.1	NC_020307.1	85.125	1479	2054404	2055880	1070476	1071952
NZ_AP017617.1	NC_020307.1	79.063	2283	2766980	2769208	4275211	4272939
NZ_AP017617.1	NC_020307.1	85.938	1408	899737	901144	1398921	1397514
NZ_AP017617.1	NC_020307.1	73.967	3895	1065700	1069550	162192	166051
NZ_AP017617.1	NC_020307.1	82.363	1735	512421	514152	1709667	1707937
NZ_AP017617.1	NC_020307.1	79.932	2048	1355777	1357819	379464	381506
NZ_AP017617.1	NC_020307.1	87.029	1326	757573	758898	1515701	1514376
NZ_AP017617.1	NC_020307.1	82.779	1684	464953	466632	1753128	1751448
NZ_AP017617.1	NC_020307.1	86.011	1394	5101720	5103113	2246585	2245192
NZ_AP017617.1	NC_020307.1	95.253	948	198011	198951	1970516	1969571
NZ_AP017617.1	NC_020307.1	77.943	2421	1626723	1629125	783700	781286
NZ_AP017617.1	NC_020307.1	78.869	2229	19866	22083	2183039	2180819
NZ_AP017617.1	NC_020307.1	83.272	1620	4715274	4716889	2525554	2523937
NZ_AP017617.1	NC_020307.1	81.038	1888	1044169	1046037	141252	143128
NZ_AP017617.1	NC_020307.1	82.412	1700	1337300	1338993	362569	364264
NZ_AP017617.1	NC_020307.1	83.240	1611	250170	251777	1910881	1909274
NZ_AP017617.1	NC_020307.1	77.648	2474	5042269	5044728	2300270	2297821
NZ_AP017617.1	NC_020307.1	85.552	1405	2419843	2421243	4599258	4597855
NZ_AP017617.1	NC_020307.1	83.643	1559	3812415	3813968	3332375	3330822
NZ_AP017617.1	NC_020307.1	77.932	2370	2585358	2587716	4466295	4463938
NZ_AP017617.1	NC_020307.1	78.120	2372	4763470	4765811	2505257	2502913
NZ_AP017617.1	NC_020307.1	82.406	1671	4634284	4635951	2613753	2612086
NZ_AP017617.1	NC_020307.1	78.541	2330	623937	626213	1660920	1658632
NZ_AP017617.1	NC_020307.1	79.970	1972	3985743	3987706	3195300	3193338
NZ_AP017617.1	NC_020307.1	75.482	3112	1302321	1305381	327936	331003
NZ_AP017617.1	NC_020307.1	81.135	1797	4531156	4532941	2707143	2705356
NZ_AP017617.1	NC_020307.1	80.031	1958	4500651	4502597	2750312	2748378
NZ_AP017617.1	NC_020307.1	78.721	2143	1465113	1467246	969275	967139
NZ_AP017617.1	NC_020307.1	80.605	1851	3493280	3495118	3624304	3622465
NZ_AP017617.1	NC_020307.1	84.975	1391	3842514	3843897	3306987	3305600
NZ_AP017617.1	NC_020307.1	84.921	1386	4557343	4558723	2683122	2681739
NZ_AP017617.1	NC_020307.1	82.892	1549	3950349	3951894	3232786	3231242
NZ_AP017617.1	NC_020307.1	79.488	1994	184099	186074	1989235	1987260
NZ_AP017617.1	NC_020307.1	77.659	2341	1034195	1036511	132295	134610
NZ_AP017617.1	NC_020307.1	80.207	1834	893052	894885	1400846	1399013
NZ_AP017617.1	NC_020307.1	76.518	2619	2488653	2491238	4531868	4529274
NZ_AP017617.1	NC_020307.1	96.841	823	4418725	4419546	2824517	2823698
NZ_AP017617.1	NC_020307.1	96.845	824	233512	234334	2824517	2823698
NZ_AP017617.1	NC_020307.1	83.178	1498	1967546	1969039	478944	477452
NZ_AP017617.1	NC_020307.1	83.413	1471	3501530	3502998	3614192	3612724
NZ_AP017617.1	NC_020307.1	96.481	824	3711976	3712798	2823698	2824517
NZ_AP017617.1	NC_020307.1	82.391	1556	3043964	3045517	3825169	3823616
NZ_AP017617.1	NC_020307.1	80.380	1789	1777225	1779006	647296	645515
NZ_AP017617.1	NC_020307.1	83.935	1413	30989	32394	2171778	2170372
NZ_AP017617.1	NC_020307.1	80.257	1788	555695	557478	4225551	4227334
NZ_AP017617.1	NC_020307.1	83.051	1475	3668176	3669647	3467322	3465851
NZ_AP017617.1	NC_020307.1	92.811	932	709341	710259	1573708	1572789
NZ_AP017617.1	NC_020307.1	84.304	1357	3912085	3913440	3247029	3245674
NZ_AP017617.1	NC_020307.1	84.137	1368	4247069	4248435	2973881	2972515
NZ_AP017617.1	NC_020307.1	82.361	1525	4769507	4771025	2499210	2497693
NZ_AP017617.1	NC_020307.1	80.136	1767	3540756	3542516	3598781	3597020
NZ_AP017617.1	NC_020307.1	81.595	1592	4981688	4983271	2351127	2349540
NZ_AP017617.1	NC_020307.1	79.276	1906	3954242	3956129	3228994	3227109
NZ_AP017617.1	NC_020307.1	74.422	3116	473700	476787	3436319	3439403
NZ_AP017617.1	NC_020307.1	86.329	1185	1095256	1096431	196839	198014
NZ_AP017617.1	NC_020307.1	82.112	1515	4349595	4351087	2882196	2880683
NZ_AP017617.1	NC_020307.1	78.857	1925	84768	86672	2100394	2098487
NZ_AP017617.1	NC_020307.1	84.904	1252	3869953	3871200	3281135	3279888
NZ_AP017617.1	NC_020307.1	86.043	1175	5059301	5060471	2286791	2285621
NZ_AP017617.1	NC_020307.1	80.192	1671	497174	498840	1720063	1718397
NZ_AP017617.1	NC_020307.1	77.561	2099	908348	910432	1382656	1380571
NZ_AP017617.1	NC_020307.1	79.144	1822	3649465	3651263	3493538	3491727
NZ_AP017617.1	NC_020307.1	77.990	1990	2107065	2109044	1130079	1132048
NZ_AP017617.1	NC_020307.1	77.000	2213	2291298	2293484	1347141	1349327
NZ_AP017617.1	NC_020307.1	79.964	1662	5068768	5070426	2283068	2281414
NZ_AP017617.1	NC_020307.1	76.941	2203	2226883	2229060	1280328	1282508
NZ_AP017617.1	NC_020307.1	76.785	2227	153536	155736	2018814	2016611
NZ_AP017617.1	NC_020307.1	82.903	1357	3747182	3748527	3396841	3395493
NZ_AP017617.1	NC_020307.1	81.454	1472	891574	893041	1402367	1400900
NZ_AP017617.1	NC_020307.1	79.854	1648	2769652	2771292	4272621	4270981
NZ_AP017617.1	NC_020307.1	76.184	2364	2854735	2857047	4046250	4043898
NZ_AP017617.1	NC_020307.1	85.304	1150	4268654	4269801	2962802	2961653
NZ_AP017617.1	NC_020307.1	82.187	1381	3520673	3522052	3605438	3604059
NZ_AP017617.1	NC_020307.1	82.225	1384	201557	202933	1966801	1965421
NZ_AP017617.1	NC_020307.1	81.187	1483	1598973	1600450	2494579	2496056
NZ_AP017617.1	NC_020307.1	77.715	1952	1352641	1354579	376559	378492
NZ_AP017617.1	NC_020307.1	81.318	1472	1283248	1284693	308267	309725
NZ_AP017617.1	NC_020307.1	81.390	1424	3211404	3212826	3287555	3288975
NZ_AP017617.1	NC_020307.1	84.602	1169	544532	545697	1692382	1691216
NZ_AP017617.1	NC_020307.1	97.888	663	4571997	4572659	2824360	2823698
NZ_AP017617.1	NC_020307.1	97.888	663	4306969	4307631	2824360	2823698
NZ_AP017617.1	NC_020307.1	97.738	663	4618552	4619214	2824360	2823698
NZ_AP017617.1	NC_020307.1	77.599	1924	3994516	3996421	3187925	3186017
NZ_AP017617.1	NC_020307.1	82.022	1335	1083458	1084790	157743	159075
NZ_AP017617.1	NC_020307.1	85.361	1093	3587332	3588423	3556765	3555673
NZ_AP017617.1	NC_020307.1	78.913	1693	4686972	4688637	2581454	2579773
NZ_AP017617.1	NC_020307.1	81.075	1395	1101720	1103113	201659	203051
NZ_AP017617.1	NC_020307.1	81.421	1351	4663090	4664438	2604707	2603359
NZ_AP017617.1	NC_020307.1	80.118	1524	3003772	3005277	3861228	3859728
NZ_AP017617.1	NC_020307.1	75.737	2238	3547571	3549790	1312182	1309963
NZ_AP017617.1	NC_020307.1	79.880	1506	4681582	4683080	2586892	2585392
NZ_AP017617.1	NC_020307.1	80.802	1396	2853284	2854678	4047734	4046340
NZ_AP017617.1	NC_020307.1	83.841	1182	3905179	3906342	3255486	3254325
NZ_AP017617.1	NC_020307.1	96.531	663	2808395	2809048	2823698	2824360
NZ_AP017617.1	NC_020307.1	79.519	1538	4771795	4773327	816837	818369
NZ_AP017617.1	NC_020307.1	88.603	895	1148779	1149669	2312587	2311696
NZ_AP017617.1	NC_020307.1	79.055	1609	1516905	1518498	919538	917942
NZ_AP017617.1	NC_020307.1	86.626	972	2005251	2006221	713925	712954
NZ_AP017617.1	NC_020307.1	80.661	1391	826980	828366	1469150	1467764
NZ_AP017617.1	NC_020307.1	73.285	3148	3700921	3704020	1741228	1744329
NZ_AP017617.1	NC_020307.1	83.275	1148	95786	96930	2089099	2087954
NZ_AP017617.1	NC_020307.1	84.760	1063	3133274	3134322	3757479	3756419
NZ_AP017617.1	NC_020307.1	80.942	1338	2869169	2870496	4031154	4029824
NZ_AP017617.1	NC_020307.1	76.513	1950	1773600	1775534	658737	656809
NZ_AP017617.1	NC_020307.1	77.625	1743	4936580	4938308	2403574	2401850
NZ_AP017617.1	NC_020307.1	82.274	1196	5035538	5036729	3703692	3702499
NZ_AP017617.1	NC_020307.1	83.185	1124	982280	983402	89357	90479
NZ_AP017617.1	NC_020307.1	77.285	1783	1929588	1931358	513138	511377
NZ_AP017617.1	NC_020307.1	84.408	1039	4533193	4534229	2705288	2704252
NZ_AP017617.1	NC_020307.1	75.826	2089	2310581	2312629	47593	45524
NZ_AP017617.1	NC_020307.1	78.201	1601	1311612	1313199	337384	338971
NZ_AP017617.1	NC_020307.1	78.868	1519	2117295	2118796	1140092	1141590
NZ_AP017617.1	NC_020307.1	79.524	1387	435510	436889	1781838	1780459
NZ_AP017617.1	NC_020307.1	73.793	2568	2114223	2116759	1137003	1139551
NZ_AP017617.1	NC_020307.1	87.093	860	3467791	3468646	3640892	3640035
NZ_AP017617.1	NC_020307.1	90.535	729	4491354	4492082	2757263	2756535
NZ_AP017617.1	NC_020307.1	79.665	1372	2835014	2836361	4143271	4141906
NZ_AP017617.1	NC_020307.1	85.556	900	1654080	1654978	763525	762628
NZ_AP017617.1	NC_020307.1	81.250	1168	4643718	4644884	2610530	2609371
NZ_AP017617.1	NC_020307.1	88.071	788	652214	652995	1632229	1631449
NZ_AP017617.1	NC_020307.1	81.918	1095	1896002	1897092	544384	543294
NZ_AP017617.1	NC_020307.1	83.105	1024	3456404	3457419	3655937	3654922
NZ_AP017617.1	NC_020307.1	82.408	1063	3143261	3144318	3747229	3746172
NZ_AP017617.1	NC_020307.1	86.391	845	868065	868907	1424012	1423173
NZ_AP017617.1	NC_020307.1	78.376	1429	621125	622547	1663101	1661678
NZ_AP017617.1	NC_020307.1	79.718	1277	4696246	4697516	2572248	2570978
NZ_AP017617.1	NC_020307.1	81.389	1123	1959206	1960325	485704	484585
NZ_AP017617.1	NC_020307.1	86.865	807	1879792	1880598	560665	559859
NZ_AP017617.1	NC_020307.1	89.148	728	5097744	5098468	2255708	2254982
NZ_AP017617.1	NC_020307.1	83.436	972	3110099	3111068	3777177	3776212
NZ_AP017617.1	NC_020307.1	82.105	1045	376154	377198	1845262	1844219
NZ_AP017617.1	NC_020307.1	84.516	930	3996626	3997535	3185811	3184897
NZ_AP017617.1	NC_020307.1	78.853	1343	50992	52322	2136960	2135630
NZ_AP017617.1	NC_020307.1	83.316	977	2381200	2382166	4616981	4616016
NZ_AP017617.1	NC_020307.1	83.454	967	2593553	2594504	4455356	4454398
NZ_AP017617.1	NC_020307.1	77.855	1436	1779110	1780535	643858	642433
NZ_AP017617.1	NC_020307.1	76.485	1667	1387865	1389511	431818	433464
NZ_AP017617.1	NC_020307.1	81.906	1039	4678688	4679724	2587931	2586898
NZ_AP017617.1	NC_020307.1	81.775	1048	4690973	4692014	2577457	2576416
NZ_AP017617.1	NC_020307.1	76.947	1605	419697	421284	1802674	1801107
NZ_AP017617.1	NC_020307.1	83.772	912	1904631	1905541	536983	536073
NZ_AP017617.1	NC_020307.1	76.140	1689	1128453	1130128	265290	266963
NZ_AP017617.1	NC_020307.1	76.423	1616	4705549	4707152	2538244	2536640
NZ_AP017617.1	NC_020307.1	79.177	1239	2155428	2156662	1172727	1173960
NZ_AP017617.1	NC_020307.1	81.179	1052	1607844	1608894	806427	805377
NZ_AP017617.1	NC_020307.1	87.003	754	489453	490202	1727701	1726952
NZ_AP017617.1	NC_020307.1	79.407	1214	146170	147375	2031606	2030402
NZ_AP017617.1	NC_020307.1	91.382	615	4953130	4953744	2385211	2384599
NZ_AP017617.1	NC_020307.1	87.328	726	2665871	2666596	4384843	4384118
NZ_AP017617.1	NC_020307.1	83.224	918	197058	197962	1971547	1970633
NZ_AP017617.1	NC_020307.1	75.054	1852	3784650	3786479	3359436	3357605
NZ_AP017617.1	NC_020307.1	79.228	1218	2133266	2134467	1157529	1158730
NZ_AP017617.1	NC_020307.1	83.409	886	1070981	1071863	166263	167146
NZ_AP017617.1	NC_020307.1	78.761	1243	4196815	4198048	3044428	3043194
NZ_AP017617.1	NC_020307.1	84.371	819	1284731	1285549	309822	310640
NZ_AP017617.1	NC_020307.1	82.609	920	3911149	3912061	3247998	3247086
NZ_AP017617.1	NC_020307.1	77.721	1369	2265595	2266938	787162	785813
NZ_AP017617.1	NC_020307.1	89.043	648	2741855	2742496	4295945	4295299
NZ_AP017617.1	NC_020307.1	79.670	1151	3033572	3034684	3836761	3835616
NZ_AP017617.1	NC_020307.1	78.618	1216	1735247	1736454	492782	493986
NZ_AP017617.1	NC_020307.1	79.307	1184	1221598	1222759	271229	272385
NZ_AP017617.1	NC_020307.1	86.093	755	5082918	5083659	2270555	2269824
NZ_AP017617.1	NC_020307.1	83.063	862	4236515	4237375	2987818	2986959
NZ_AP017617.1	NC_020307.1	85.890	730	2258852	2259581	1313861	1314590
NZ_AP017617.1	NC_020307.1	81.692	934	33411	34342	2155236	2154304
NZ_AP017617.1	NC_020307.1	81.769	927	3433599	3434524	3681479	3680554
NZ_AP017617.1	NC_020307.1	80.952	987	2572477	2573457	4477110	4476128
NZ_AP017617.1	NC_020307.1	92.379	538	1376929	1377465	418925	419461
NZ_AP017617.1	NC_020307.1	83.273	831	4484289	4485118	2768594	2767766
NZ_AP017617.1	NC_020307.1	86.416	692	2336257	2336948	28331	27640
NZ_AP017617.1	NC_020307.1	79.792	1059	1583076	1584127	827847	826796
NZ_AP017617.1	NC_020307.1	78.947	1140	343075	344208	3499903	3498778
NZ_AP017617.1	NC_020307.1	85.298	721	72286	73004	2110018	2109300
NZ_AP017617.1	NC_020307.1	77.889	1203	176549	177745	1996797	1995603
NZ_AP017617.1	NC_020307.1	84.021	776	472471	473237	1745495	1744725
NZ_AP017617.1	NC_020307.1	79.135	1064	1721799	1722859	709322	708262
NZ_AP017617.1	NC_020307.1	80.187	964	3875681	3876642	3275393	3274434
NZ_AP017617.1	NC_020307.1	74.553	1733	998754	1000464	96790	98496
NZ_AP017617.1	NC_020307.1	78.015	1169	1920634	1921787	521443	520284
NZ_AP017617.1	NC_020307.1	84.288	751	4403577	4404324	2841897	2841165
NZ_AP017617.1	NC_020307.1	77.969	1162	561292	562446	4231217	4232370
NZ_AP017617.1	NC_020307.1	74.515	1754	2859687	2861407	4040685	4038964
NZ_AP017617.1	NC_020307.1	85.109	685	2536737	2537421	4488586	4487902
NZ_AP017617.1	NC_020307.1	77.807	1131	397801	398925	1823954	1822830
NZ_AP017617.1	NC_020307.1	80.263	912	4628570	4629479	2618796	2617888
NZ_AP017617.1	NC_020307.1	86.921	604	30280	30883	2172561	2171958
NZ_AP017617.1	NC_020307.1	76.466	1245	1513663	1514903	922990	921748
NZ_AP017617.1	NC_020307.1	79.541	958	3050589	3051538	3805305	3804356
NZ_AP017617.1	NC_020307.1	81.922	791	1623551	1624340	1318829	1319618
NZ_AP017617.1	NC_020307.1	82.731	747	3151219	3151964	3738524	3737780
NZ_AP017617.1	NC_020307.1	95.227	419	3709102	3709517	3435049	3434632
NZ_AP017617.1	NC_020307.1	79.001	981	2475758	2476729	4550137	4549161
NZ_AP017617.1	NC_020307.1	80.634	852	1630481	1631329	779935	779086
NZ_AP017617.1	NC_020307.1	80.420	858	3119362	3120218	3774375	3773519
NZ_AP017617.1	NC_020307.1	77.716	1086	4963792	4964868	2371613	2370540
NZ_AP017617.1	NC_020307.1	76.524	1214	3124406	3125607	3766434	3765233
NZ_AP017617.1	NC_020307.1	96.410	390	2836561	2836949	4124936	4124549
NZ_AP017617.1	NC_020307.1	84.615	650	422322	422965	2112200	2111556
NZ_AP017617.1	NC_020307.1	77.362	1122	2734155	2735263	4303764	4302661
NZ_AP017617.1	NC_020307.1	82.657	715	2960056	2960769	3904422	3903709
NZ_AP017617.1	NC_020307.1	75.198	1387	1404072	1405439	1013617	1012248
NZ_AP017617.1	NC_020307.1	83.710	663	2898157	2898816	4000370	3999711
NZ_AP017617.1	NC_020307.1	84.824	626	2594819	2595438	2111556	2112176
NZ_AP017617.1	NC_020307.1	83.975	649	1770904	1771547	2111556	2112200
NZ_AP017617.1	NC_020307.1	78.999	919	1295629	1296531	323661	324576
NZ_AP017617.1	NC_020307.1	73.437	1679	3157365	3159030	1548207	1546542
NZ_AP017617.1	NC_020307.1	85.836	586	4213491	4214067	3022615	3022048
NZ_AP017617.1	NC_020307.1	92.214	411	2878628	2879038	4020377	4019969
NZ_AP017617.1	NC_020307.1	78.795	863	1357842	1358701	381596	382455
NZ_AP017617.1	NC_020307.1	79.388	849	1552811	1553646	853408	852572
NZ_AP017617.1	NC_020307.1	81.339	702	4636041	4636739	2612011	2611313
NZ_AP017617.1	NC_020307.1	75.495	1212	1288221	1289416	313370	314565
NZ_AP017617.1	NC_020307.1	80.807	719	4215966	4216683	3014264	3013547
NZ_AP017617.1	NC_020307.1	85.343	539	434828	435364	1782439	1781903
NZ_AP017617.1	NC_020307.1	76.608	1026	3032520	3033535	3837932	3836917
NZ_AP017617.1	NC_020307.1	75.676	1110	367293	368394	639411	638312
NZ_AP017617.1	NC_020307.1	77.945	866	1918588	1919449	523593	522734
NZ_AP017617.1	NC_020307.1	84.727	550	2725075	2725622	4318611	4318079
NZ_AP017617.1	NC_020307.1	83.808	562	221759	222318	1944536	1943977
NZ_AP017617.1	NC_020307.1	74.184	1348	2123790	2125114	1146594	1147922
NZ_AP017617.1	NC_020307.1	74.069	1369	1386339	1387686	3877506	3878853
NZ_AP017617.1	NC_020307.1	74.895	1195	1604341	1605520	809346	808169
NZ_AP017617.1	NC_020307.1	87.225	454	4754143	4754593	2511281	2510829
NZ_AP017617.1	NC_020307.1	88.941	425	2283423	2283842	1336565	1336979
NZ_AP017617.1	NC_020307.1	76.220	963	5041318	5042277	2301275	2300316
NZ_AP017617.1	NC_020307.1	74.323	1145	1105315	1106452	212060	213199
NZ_AP017617.1	NC_020307.1	88.452	407	1943974	1944372	500039	499643
NZ_AP017617.1	NC_020307.1	81.164	584	3536606	3537185	3600913	3600334
NZ_AP017617.1	NC_020307.1	81.579	570	686967	687533	1586113	1585556
NZ_AP017617.1	NC_020307.1	80.189	636	2222890	2223518	1276222	1276839
NZ_AP017617.1	NC_020307.1	76.022	905	32480	33373	2168928	2168035
NZ_AP017617.1	NC_020307.1	84.120	466	4868074	4868539	2462221	2461760
NZ_AP017617.1	NC_020307.1	97.692	260	4310079	4310338	1930252	1929995
NZ_AP017617.1	NC_020307.1	85.986	421	1173205	1173621	264962	265377
NZ_AP017617.1	NC_020307.1	85.986	421	1221270	1221686	264962	265377
NZ_AP017617.1	NC_020307.1	75.462	974	498876	499833	1718281	1717327
NZ_AP017617.1	NC_020307.1	82.682	537	2878656	2879179	4020618	4020107
NZ_AP017617.1	NC_020307.1	78.169	710	3853088	3853791	3299974	3299273
NZ_AP017617.1	NC_020307.1	77.717	736	1916307	1917029	527243	526515
NZ_AP017617.1	NC_020307.1	80.669	538	3432955	3433492	3683535	3682998
NZ_AP017617.1	NC_020307.1	87.430	358	4356948	4357305	2873285	2872928
NZ_AP017617.1	NC_020307.1	88.855	332	4666862	4667193	2600982	2600651
NZ_AP017617.1	NC_020307.1	79.553	582	133806	134377	2048214	2047640
NZ_AP017617.1	NC_020307.1	77.063	715	3497148	3497853	3620430	3619724
NZ_AP017617.1	NC_020307.1	91.525	295	4889279	4889570	2443136	2442852
NZ_AP017617.1	NC_020307.1	80.913	482	543944	544425	1692990	1692509
NZ_AP017617.1	NC_020307.1	73.922	951	3937563	3938500	3437256	3436319
NZ_AP017617.1	NC_020307.1	75.430	814	1360723	1361516	384481	385272
NZ_AP017617.1	NC_020307.1	82.651	415	3468652	3469054	3639979	3639566
NZ_AP017617.1	NC_020307.1	80.568	458	1718630	1719087	712823	712366
NZ_AP017617.1	NC_020307.1	80.000	485	2857133	2857615	4043508	4043028
NZ_AP017617.1	NC_020307.1	95.872	218	2878682	2878899	4020185	4019969
NZ_AP017617.1	NC_020307.1	82.653	392	1261910	1262298	285731	286116
NZ_AP017617.1	NC_020307.1	82.474	388	2373524	2373910	4622901	4622515
NZ_AP017617.1	NC_020307.1	74.209	853	1375441	1376283	417462	418300
NZ_AP017617.1	NC_020307.1	95.714	210	802344	802550	1492900	1492691
NZ_AP017617.1	NC_020307.1	81.235	421	4963271	4963687	2379728	2379311
NZ_AP017617.1	NC_020307.1	78.543	508	40071	40575	2148006	2147502
NZ_AP017617.1	NC_020307.1	77.758	571	133497	134059	2047905	2047352
NZ_AP017617.1	NC_020307.1	96.373	193	4889463	4889653	2443072	2442880
NZ_AP017617.1	NC_020307.1	78.512	484	1281849	1282331	4075987	4076469
NZ_AP017617.1	NC_020307.1	90.795	239	1540806	1541038	862552	862314
NZ_AP017617.1	NC_020307.1	77.178	574	772389	772951	1463538	1462976
NZ_AP017617.1	NC_020307.1	98.324	179	802582	802760	1492865	1492687
NZ_AP017617.1	NC_020307.1	76.391	593	2171900	2172489	1501527	1502116
NZ_AP017617.1	NC_020307.1	81.750	400	3976158	3976548	3207516	3207132
NZ_AP017617.1	NC_020307.1	87.407	270	4510458	4510727	2726609	2726340
NZ_AP017617.1	NC_020307.1	80.488	410	2889250	2889657	4009442	4009035
NZ_AP017617.1	NC_020307.1	84.790	309	1173333	1173638	267406	267101
NZ_AP017617.1	NC_020307.1	84.740	308	1221398	1221702	267406	267102
NZ_AP017617.1	NC_020307.1	78.681	455	1814865	1815319	610964	610510
NZ_AP017617.1	NC_020307.1	88.189	254	2178416	2178669	1241766	1241514
NZ_AP017617.1	NC_020307.1	81.402	371	147380	147747	2030337	2029970
NZ_AP017617.1	NC_020307.1	73.536	854	5082059	5082892	2272708	2271869
NZ_AP017617.1	NC_020307.1	80.463	389	1960532	1960918	3207132	3207514
NZ_AP017617.1	NC_020307.1	89.224	232	2283927	2284157	1339633	1339864
NZ_AP017617.1	NC_020307.1	98.773	163	2598464	2598626	1492846	1492685
NZ_AP017617.1	NC_020307.1	88.259	247	5000544	5000787	2331921	2331681
NZ_AP017617.1	NC_020307.1	98.171	164	802602	802764	4452185	4452022
NZ_AP017617.1	NC_020307.1	81.143	350	139805	140153	2042210	2041862
NZ_AP017617.1	NC_020307.1	79.949	389	1961067	1961454	3207132	3207514
NZ_AP017617.1	NC_020307.1	74.069	698	3947088	3947782	3236139	3235447
NZ_AP017617.1	NC_020307.1	79.845	387	1961603	1961988	3207132	3207514
NZ_AP017617.1	NC_020307.1	93.264	193	3005198	3005388	3859913	3859727
NZ_AP017617.1	NC_020307.1	98.718	156	802397	802550	4452185	4452030
NZ_AP017617.1	NC_020307.1	87.045	247	377512	377753	1843918	1843676
NZ_AP017617.1	NC_020307.1	79.947	379	3663027	3663400	3472917	3472544
NZ_AP017617.1	NC_020307.1	93.370	181	4575103	4575283	3434871	3435049
NZ_AP017617.1	NC_020307.1	81.138	334	3539764	3540096	3599163	3598831
NZ_AP017617.1	NC_020307.1	95.210	167	4575111	4575276	4203162	4203327
NZ_AP017617.1	NC_020307.1	89.855	207	5083380	5083581	2270221	2270016
NZ_AP017617.1	NC_020307.1	73.820	699	2903106	2903792	3999615	3998923
NZ_AP017617.1	NC_020307.1	80.000	370	1130253	1130615	270661	270300
NZ_AP017617.1	NC_020307.1	73.789	702	4482970	4483664	4025038	4025726
NZ_AP017617.1	NC_020307.1	89.573	211	5083259	5083466	2270103	2269902
NZ_AP017617.1	NC_020307.1	89.268	205	2151055	2151258	1166372	1166575
NZ_AP017617.1	NC_020307.1	79.827	347	387464	387809	1831905	1831560
NZ_AP017617.1	NC_020307.1	83.158	285	1124060	1124334	233278	233561
NZ_AP017617.1	NC_020307.1	97.297	148	4575105	4575251	1930254	1930108
NZ_AP017617.1	NC_020307.1	97.260	146	2805797	2805941	1930108	1930252
NZ_AP017617.1	NC_020307.1	96.622	148	4621658	4621804	1930254	1930108
NZ_AP017617.1	NC_020307.1	81.395	301	4720900	4721198	2519763	2519465
NZ_AP017617.1	NC_020307.1	78.457	376	2008266	2008639	4237612	4237239
NZ_AP017617.1	NC_020307.1	97.857	140	4421993	4422132	1930252	1930114
NZ_AP017617.1	NC_020307.1	91.525	177	2805768	2805942	3435048	3434873
NZ_AP017617.1	NC_020307.1	95.973	149	4421992	4422140	3434873	3435020
NZ_AP017617.1	NC_020307.1	98.519	135	4621664	4621798	3434632	3434766
NZ_AP017617.1	NC_020307.1	96.528	144	4421997	4422140	4203162	4203305
NZ_AP017617.1	NC_020307.1	88.119	202	2598343	2598543	4452423	4452224
NZ_AP017617.1	NC_020307.1	92.771	166	802863	803025	1492393	1492230
NZ_AP017617.1	NC_020307.1	97.143	140	3709382	3709521	1930114	1930252
NZ_AP017617.1	NC_020307.1	97.101	138	3709138	3709275	1930115	1930252
NZ_AP017617.1	NC_020307.1	91.329	173	3709102	3709272	2626046	2626216
NZ_AP017617.1	NC_020307.1	91.329	173	3709102	3709272	2668156	2668326
NZ_AP017617.1	NC_020307.1	91.329	173	3709102	3709272	2820976	2821146
NZ_AP017617.1	NC_020307.1	97.778	135	3709138	3709272	2921213	2921347
NZ_AP017617.1	NC_020307.1	98.485	132	236791	236922	3434632	3434763
NZ_AP017617.1	NC_020307.1	98.485	132	2805806	2805937	3434763	3434632
NZ_AP017617.1	NC_020307.1	98.485	132	4310083	4310214	3434632	3434763
NZ_AP017617.1	NC_020307.1	98.485	132	4421997	4422128	3434632	3434763
NZ_AP017617.1	NC_020307.1	98.485	132	4575111	4575242	3434632	3434763
NZ_AP017617.1	NC_020307.1	96.479	142	2805796	2805937	4203302	4203162
NZ_AP017617.1	NC_020307.1	95.804	143	4310077	4310219	3434871	3435013
NZ_AP017617.1	NC_020307.1	90.857	175	3709102	3709274	4203333	4203160
NZ_AP017617.1	NC_020307.1	98.473	131	236791	236921	4203162	4203292
NZ_AP017617.1	NC_020307.1	98.473	131	3709387	3709517	4203292	4203162
NZ_AP017617.1	NC_020307.1	98.473	131	4310083	4310213	4203162	4203292
NZ_AP017617.1	NC_020307.1	98.473	131	4621664	4621794	4203162	4203292
NZ_AP017617.1	NC_020307.1	97.744	133	3709142	3709274	3434762	3434630
NZ_AP017617.1	NC_020307.1	94.079	152	4621656	4621807	3434871	3435020
NZ_AP017617.1	NC_020307.1	73.906	617	2976131	2976737	3888853	3888247
NZ_AP017617.1	NC_020307.1	95.775	142	236786	236927	3434873	3435013
NZ_AP017617.1	NC_020307.1	81.250	288	2380628	2380913	700813	701095
NZ_AP017617.1	NC_020307.1	87.562	201	2598223	2598421	4452302	4452107
NZ_AP017617.1	NC_020307.1	96.324	136	3709387	3709522	3435007	3434873
NZ_AP017617.1	NC_020307.1	78.431	357	1253103	1253456	276840	277183
NZ_AP017617.1	NC_020307.1	75.053	473	1770276	1770746	660194	659724
NZ_AP017617.1	NC_020307.1	80.201	298	1643321	1643611	766802	766507
NZ_AP017617.1	NC_020307.1	85.377	212	4707155	4707363	2536604	2536399
NZ_AP017617.1	NC_020307.1	89.143	175	3557108	3557281	3584586	3584421
NZ_AP017617.1	NC_020307.1	85.644	202	2124918	2125114	1339731	1339931
NZ_AP017617.1	NC_020307.1	93.662	142	802739	802880	1492612	1492476
NZ_AP017617.1	NC_020307.1	72.934	617	681111	681724	1597630	1597018
NZ_AP017617.1	NC_020307.1	100.000	112	802914	803025	4452105	4451994
NZ_AP017617.1	NC_020307.1	74.011	531	1813613	1814141	4616458	4616980
NZ_AP017617.1	NC_020307.1	96.721	122	2598545	2598666	1492341	1492220
NZ_AP017617.1	NC_020307.1	78.750	320	1615644	1615960	798535	798226
NZ_AP017617.1	NC_020307.1	94.030	134	2284025	2284157	1147722	1147855
NZ_AP017617.1	NC_020307.1	77.465	355	1961618	1961967	1803047	1802699
NZ_AP017617.1	NC_020307.1	81.600	250	3976299	3976547	1802816	1803061
NZ_AP017617.1	NC_020307.1	86.631	187	1030463	1030648	132053	132233
NZ_AP017617.1	NC_020307.1	83.721	215	2079802	2080012	1103388	1103602
NZ_AP017617.1	NC_020307.1	92.857	140	2408483	2408619	4062726	4062587
NZ_AP017617.1	NC_020307.1	99.074	108	1218625	1218732	3062538	3062645
NZ_AP017617.1	NC_020307.1	99.074	108	2011873	2011980	3062538	3062645
NZ_AP017617.1	NC_020307.1	99.074	108	1165519	1165626	3062645	3062538
NZ_AP017617.1	NC_020307.1	99.074	108	1137750	1137857	3062645	3062538
NZ_AP017617.1	NC_020307.1	99.074	108	941703	941810	3062645	3062538
NZ_AP017617.1	NC_020307.1	92.647	136	3121668	3121803	4062715	4062581
NZ_AP017617.1	NC_020307.1	92.029	138	1173534	1173670	270554	270690
NZ_AP017617.1	NC_020307.1	84.737	190	1529763	1529952	904954	904765
NZ_AP017617.1	NC_020307.1	77.126	341	1961095	1961432	1803034	1802699
NZ_AP017617.1	NC_020307.1	80.800	250	3975816	3976064	1802816	1803061
NZ_AP017617.1	NC_020307.1	91.971	137	824467	824603	4062713	4062578
NZ_AP017617.1	NC_020307.1	79.114	316	552508	552815	1681413	1681121
NZ_AP017617.1	NC_020307.1	77.059	340	1960560	1960896	1803034	1802699
NZ_AP017617.1	NC_020307.1	73.796	519	5053082	5053593	3335419	3334911
NZ_AP017617.1	NC_020307.1	100.000	101	1221599	1221699	270554	270654
NZ_AP017617.1	NC_020307.1	95.652	115	1130253	1130367	267098	267212
NZ_AP017617.1	NC_020307.1	86.127	173	1522554	1522725	914005	913834
NZ_AP017617.1	NC_020307.1	97.273	110	4857918	4858026	3729025	3729133
NZ_AP017617.1	NC_020307.1	85.326	184	1029807	1029985	132053	132233
NZ_AP017617.1	NC_020307.1	85.326	184	1030135	1030313	132053	132233
NZ_AP017617.1	NC_020307.1	71.900	879	2223307	2224132	701746	700897
NZ_AP017617.1	NC_020307.1	84.865	185	1029479	1029657	132053	132233
NZ_AP017617.1	NC_020307.1	98.020	101	1944090	1944188	500044	499944
NZ_AP017617.1	NC_020307.1	100.000	94	3160640	3160733	2472446	2472539
NZ_AP017617.1	NC_020307.1	98.969	97	1943973	1944069	499920	499825
NZ_AP017617.1	NC_020307.1	76.849	311	650796	651104	1633830	1633522
NZ_AP017617.1	NC_020307.1	83.938	193	3557108	3557292	3584477	3584291
NZ_AP017617.1	NC_020307.1	86.452	155	1377189	1377343	1609547	1609393
NZ_AP017617.1	NC_020307.1	94.495	109	1173533	1173641	271229	271337
NZ_AP017617.1	NC_020307.1	90.226	133	3557150	3557282	3584656	3584529
NZ_AP017617.1	NC_020307.1	86.335	161	2878821	2878979	4020593	4020438
NZ_AP017617.1	NC_020307.1	80.556	216	2168111	2168326	1033168	1033383
NZ_AP017617.1	NC_020307.1	83.069	189	709390	709576	1573330	1573146
NZ_AP017617.1	NC_020307.1	100.000	89	4345850	4345938	2269900	2269988
NZ_AP017617.1	NC_020307.1	100.000	89	5083259	5083347	2269989	2269901
NZ_AP017617.1	NC_020307.1	100.000	89	5083494	5083582	2270221	2270133
NZ_AP017617.1	NC_020307.1	100.000	88	4345851	4345938	2270133	2270220
NZ_AP017617.1	NC_020307.1	93.636	110	4889351	4889459	2442959	2442852
NZ_AP017617.1	NC_020307.1	100.000	87	5083260	5083346	2882610	2882696
NZ_AP017617.1	NC_020307.1	100.000	87	5083495	5083581	2882610	2882696
NZ_AP017617.1	NC_020307.1	95.050	101	1130260	1130360	271330	271230
NZ_AP017617.1	NC_020307.1	96.774	93	1130275	1130367	265375	265283
NZ_AP017617.1	NC_020307.1	100.000	84	1128453	1128536	271230	271313
NZ_AP017617.1	NC_020307.1	97.802	91	4345852	4345941	2270016	2270106
NZ_AP017617.1	NC_020307.1	98.864	88	3005085	3005171	3859810	3859723
NZ_AP017617.1	NC_020307.1	100.000	83	1128452	1128534	270553	270635
NZ_AP017617.1	NC_020307.1	96.739	92	941721	941812	1035124	1035215
NZ_AP017617.1	NC_020307.1	84.663	163	2878960	2879120	4020593	4020438
NZ_AP017617.1	NC_020307.1	100.000	83	2593582	2593664	4455209	4455127
NZ_AP017617.1	NC_020307.1	100.000	82	1128453	1128534	267205	267124
NZ_AP017617.1	NC_020307.1	96.703	91	1137768	1137858	1035124	1035214
NZ_AP017617.1	NC_020307.1	96.703	91	1165537	1165627	1035124	1035214
NZ_AP017617.1	NC_020307.1	96.703	91	2011872	2011962	1035214	1035124
NZ_AP017617.1	NC_020307.1	96.703	91	1218624	1218714	1035214	1035124
NZ_AP017617.1	NC_020307.1	87.786	131	1951592	1951720	4062581	4062711
NZ_AP017617.1	NC_020307.1	82.456	171	1814576	1814746	275950	275780
NZ_AP017617.1	NC_020307.1	97.674	86	1944102	1944187	2664329	2664244
NZ_AP017617.1	NC_020307.1	97.674	86	1943983	1944068	2664329	2664244
NZ_AP017617.1	NC_020307.1	97.701	87	5083381	5083466	2882610	2882696
NZ_AP017617.1	NC_020307.1	100.000	80	3005308	3005387	3859913	3859834
NZ_AP017617.1	NC_020307.1	97.647	85	4578786	4578870	499911	499827
NZ_AP017617.1	NC_020307.1	97.647	85	4578786	4578870	500030	499946
NZ_AP017617.1	NC_020307.1	98.780	82	802914	802995	1492766	1492685
NZ_AP017617.1	NC_020307.1	100.000	79	2598342	2598420	1492846	1492768
NZ_AP017617.1	NC_020307.1	100.000	79	710016	710094	1573423	1573345
NZ_AP017617.1	NC_020307.1	100.000	79	2878682	2878760	4020047	4019969
NZ_AP017617.1	NC_020307.1	100.000	79	2879101	2879179	4020324	4020246
NZ_AP017617.1	NC_020307.1	100.000	79	2879101	2879179	4020593	4020515
NZ_AP017617.1	NC_020307.1	97.619	84	2598545	2598628	1492551	1492468
NZ_AP017617.1	NC_020307.1	97.619	84	802914	802997	1492551	1492468
NZ_AP017617.1	NC_020307.1	100.000	78	802681	802758	1492551	1492474
NZ_AP017617.1	NC_020307.1	98.780	82	802911	802991	1493062	1492981
NZ_AP017617.1	NC_020307.1	100.000	78	2598545	2598622	1493058	1492981
NZ_AP017617.1	NC_020307.1	100.000	78	802681	802758	1493058	1492981
NZ_AP017617.1	NC_020307.1	96.552	87	709625	709711	1573029	1572943
NZ_AP017617.1	NC_020307.1	98.765	81	1293012	1293092	2442730	2442650
NZ_AP017617.1	NC_020307.1	100.000	78	4889574	4889651	2443072	2442995
NZ_AP017617.1	NC_020307.1	100.000	78	802602	802679	4452302	4452225
NZ_AP017617.1	NC_020307.1	98.750	80	802285	802364	1492552	1492473
NZ_AP017617.1	NC_020307.1	100.000	77	802804	802880	1493059	1492983
NZ_AP017617.1	NC_020307.1	100.000	77	709390	709466	1573543	1573467
NZ_AP017617.1	NC_020307.1	100.000	77	4889463	4889539	2442728	2442652
NZ_AP017617.1	NC_020307.1	100.000	77	4889351	4889427	2442728	2442652
NZ_AP017617.1	NC_020307.1	100.000	77	1293013	1293089	2443073	2442997
NZ_AP017617.1	NC_020307.1	100.000	77	3005090	3005166	3541796	3541872
NZ_AP017617.1	NC_020307.1	100.000	77	3005200	3005276	3541796	3541872
NZ_AP017617.1	NC_020307.1	100.000	77	3005310	3005386	3541796	3541872
NZ_AP017617.1	NC_020307.1	98.765	81	3602173	3602252	3859725	3859805
NZ_AP017617.1	NC_020307.1	98.750	80	3602173	3602252	3859832	3859911
NZ_AP017617.1	NC_020307.1	100.000	77	802397	802473	4452302	4452226
NZ_AP017617.1	NC_020307.1	98.765	81	2593698	2593777	4455327	4455247
NZ_AP017617.1	NC_020307.1	98.750	80	4889348	4889426	318165	318244
NZ_AP017617.1	NC_020307.1	100.000	76	4889463	4889538	318169	318244
NZ_AP017617.1	NC_020307.1	100.000	76	4889574	4889649	318169	318244
NZ_AP017617.1	NC_020307.1	98.750	80	802282	802361	1492344	1492266
NZ_AP017617.1	NC_020307.1	100.000	76	802805	802880	1492341	1492266
NZ_AP017617.1	NC_020307.1	100.000	76	802681	802756	1492341	1492266
NZ_AP017617.1	NC_020307.1	100.000	76	802475	802550	1492341	1492266
NZ_AP017617.1	NC_020307.1	98.734	79	802475	802553	1492551	1492473
NZ_AP017617.1	NC_020307.1	100.000	76	802805	802880	1492766	1492691
NZ_AP017617.1	NC_020307.1	100.000	76	802286	802361	1492766	1492691
NZ_AP017617.1	NC_020307.1	100.000	76	2598223	2598298	1492845	1492770
NZ_AP017617.1	NC_020307.1	100.000	76	802475	802550	1493058	1492983
NZ_AP017617.1	NC_020307.1	100.000	76	709716	709791	1573221	1573146
NZ_AP017617.1	NC_020307.1	97.590	83	709825	709905	1573331	1573249
NZ_AP017617.1	NC_020307.1	100.000	76	709502	709577	1573661	1573586
NZ_AP017617.1	NC_020307.1	96.512	86	1293014	1293098	2442959	2442874
NZ_AP017617.1	NC_020307.1	100.000	76	802805	802880	4452105	4452030
NZ_AP017617.1	NC_020307.1	100.000	76	802286	802361	4452105	4452030
NZ_AP017617.1	NC_020307.1	100.000	76	2598223	2598298	4452185	4452110
NZ_AP017617.1	NC_020307.1	100.000	76	2598465	2598540	4452423	4452348
NZ_AP017617.1	NC_020307.1	100.000	76	802602	802677	4452423	4452348
NZ_AP017617.1	NC_020307.1	100.000	76	802397	802472	4452423	4452348
NZ_AP017617.1	NC_020307.1	93.548	93	2659786	2659878	4390100	4390008
NZ_AP017617.1	NC_020307.1	90.476	105	2178565	2178669	1197775	1197672
NZ_AP017617.1	NC_020307.1	98.701	77	4310261	4310337	1920632	1920556
NZ_AP017617.1	NC_020307.1	98.701	77	236969	237045	1920632	1920556
NZ_AP017617.1	NC_020307.1	95.402	87	245192	245277	1930072	1929986
NZ_AP017617.1	NC_020307.1	98.701	77	245192	245268	2921170	2921094
NZ_AP017617.1	NC_020307.1	97.468	79	2844805	2844883	3619721	3619799
NZ_AP017617.1	NC_020307.1	80.838	167	2795825	2795991	1312175	1312009
NZ_AP017617.1	NC_020307.1	79.897	194	709717	709900	1573661	1573469
NZ_AP017617.1	NC_020307.1	81.250	160	3477344	3477503	132069	132224
NZ_AP017617.1	NC_020307.1	96.000	75	991022	991096	96790	96864
NZ_AP017617.1	NC_020307.1	92.857	84	3709298	3709381	2663966	2664049
NZ_AP017617.1	NC_020307.1	92.683	82	4579065	4579146	3434767	3434848
NZ_AP017617.1	NC_020307.1	74.296	284	4018329	4018608	4000131	3999852
NZ_AP017617.1	NC_020307.1	90.588	85	1540800	1540883	862472	862388
NZ_AP017617.1	NC_020307.1	93.333	75	807053	807127	4187561	4187635
NZ_AP017617.1	NC_020307.1	86.735	98	69751	69848	2115997	2115900
NZ_AP017617.1	NC_020307.1	82.443	131	3121668	3121795	3765033	3765160
NZ_AP017617.1	NC_020307.1	93.333	75	1540884	1540956	862556	862483
NZ_AP017617.1	NC_020307.1	91.139	79	233532	233610	4455244	4455322
NZ_AP017617.1	NC_020307.1	91.139	79	3712700	3712778	4455322	4455244
NZ_AP017617.1	NC_020307.1	91.139	79	4418745	4418823	4455244	4455322
NZ_AP017617.1	NC_020307.1	81.818	132	2408493	2408621	3765035	3765163
NZ_AP017617.1	NC_020307.1	90.909	77	2593587	2593663	1933533	1933609
NZ_AP017617.1	NC_020307.1	90.909	77	2593587	2593663	2671500	2671576
NZ_AP017617.1	NC_020307.1	90.909	77	2593587	2593663	2824421	2824497
NZ_AP017617.1	NC_020307.1	90.909	77	233534	233610	4455128	4455204
NZ_AP017617.1	NC_020307.1	90.909	77	3712700	3712776	4455204	4455128
NZ_AP017617.1	NC_020307.1	90.909	77	4418747	4418823	4455128	4455204
NZ_AP017617.1	NC_020307.1	81.967	122	4719807	4719927	3373	3493
NZ_AP017617.1	NC_020307.1	89.873	79	709386	709464	1573224	1573146
NZ_AP017617.1	NC_020307.1	90.789	76	709502	709577	1573330	1573255
NZ_AP017617.1	NC_020307.1	89.873	79	709717	709795	1573543	1573465
NZ_AP017617.1	NC_020307.1	81.967	122	4719807	4719927	3005447	3005567
NZ_AP017617.1	NC_020307.1	81.967	122	4719807	4719927	4632781	4632901
NZ_AP017617.1	NC_020307.1	90.667	75	709826	709900	1573661	1573587
NZ_AP017617.1	NC_020307.1	77.222	180	601233	601405	1677006	1676832
NZ_AP017617.1	NC_020307.1	90.278	72	4175175	4175246	3069701	3069630
NZ_AP017617.1	NC_020307.1	89.610	77	2572395	2572470	4477277	4477203
NZ_AP017617.1	NC_020307.1	76.271	177	1377210	1377385	3185134	3184958
NZ_AP017617.1	NC_020307.1	98.148	54	2836904	2836956	4089264	4089211
NZ_AP017617.1	NC_020307.1	100.000	49	3322872	3322920	2472491	2472539
NZ_AP017617.1	NC_020307.1	100.000	49	3322872	3322920	3729082	3729034
NZ_AP017617.1	NC_020307.1	97.959	49	824461	824509	4344505	4344457
NZ_AP017617.1	NC_020307.1	86.842	76	2224057	2224132	4617436	4617511
NZ_AP017617.1	NC_020307.1	89.394	66	1951625	1951689	3050483	3050548
NZ_AP017617.1	NC_020307.1	89.062	64	4746232	4746293	2519833	2519896
NZ_AP017617.1	NC_020307.1	88.235	68	3557108	3557175	3584250	3584187
NZ_AP017617.1	NC_020307.1	95.745	47	4775235	4775281	2492489	2492443
NZ_AP017617.1	NC_020307.1	94.000	50	282411	282458	1898106	1898057
NZ_AP017617.1	NC_020307.1	97.674	43	3121670	3121712	4344499	4344457
NZ_AP017617.1	NC_020307.1	97.674	43	2408493	2408535	4344499	4344457
NZ_AP017617.1	NC_020307.1	93.750	48	2223961	2224008	276064	276017
NZ_AP017617.1	NC_020307.1	89.474	57	1252689	1252745	753700	753756
NZ_AP017617.1	NC_020307.1	95.556	45	552635	552679	1676877	1676833
NZ_AP017617.1	NC_020307.1	93.750	48	601358	601405	1681281	1681234
NZ_AP017617.1	NC_020307.1	81.522	92	4674323	4674411	4538844	4538934
NZ_AP017617.1	NC_020307.1	91.667	48	503754	503801	1713184	1713137
NZ_AP017617.1	NC_020307.1	91.837	49	3863950	3863997	2519896	2519849
NZ_AP017617.1	NC_020307.1	97.436	39	3542652	3542689	2519898	2519860
NZ_AP017617.1	NC_020307.1	95.238	42	3542652	3542692	3279801	3279760
NZ_AP017617.1	NC_020307.1	97.368	38	345728	345764	1439497	1439460
NZ_AP017617.1	NC_020307.1	91.667	48	3869851	3869895	2519849	2519896
NZ_AP017617.1	NC_020307.1	74.522	157	4476194	4476347	2773397	2773244
NZ_AP017617.1	NC_020307.1	97.297	37	1050160	1050195	1439460	1439496
NZ_AP017617.1	NC_020307.1	97.297	37	4266679	4266714	1439460	1439496
NZ_AP017617.1	NC_020307.1	97.297	37	5091469	5091504	1439460	1439496
NZ_AP017617.1	NC_020307.1	97.297	37	4678602	4678637	1718333	1718297
NZ_AP017617.1	NC_020307.1	90.000	50	1060580	1060626	1992681	1992632
NZ_AP017617.1	NC_020307.1	97.297	37	2735369	2735404	2519860	2519896
NZ_AP017617.1	NC_020307.1	97.297	37	364241	364276	2519896	2519860
NZ_AP017617.1	NC_020307.1	86.207	58	5105734	5105790	3391253	3391309
NZ_AP017617.1	NC_020307.1	85.965	57	336055	336111	4006512	4006456
NZ_AP017617.1	NC_020307.1	91.111	45	3864010	3864053	499537	499580
NZ_AP017617.1	NC_020307.1	94.872	39	3498822	3498859	1439498	1439460
NZ_AP017617.1	NC_020307.1	97.222	36	4674374	4674408	1505873	1505838
NZ_AP017617.1	NC_020307.1	92.857	42	4434852	4434892	3461845	3461886
NZ_AP017617.1	NC_020307.1	92.683	41	3853106	3853146	1011305	1011266
NZ_AP017617.1	NC_020307.1	100.000	31	3864021	3864051	1491906	1491936
NZ_AP017617.1	NC_020307.1	100.000	31	3864021	3864051	4451923	4451953
NZ_AP017617.1	NC_020307.1	94.595	37	517904	517939	2519860	2519896
NZ_AP017617.1	NC_020307.1	100.000	30	2408591	2408620	4344459	4344430
NZ_AP017617.1	NC_020307.1	100.000	30	824565	824594	4344459	4344430
NZ_AP017617.1	NC_020307.1	100.000	29	4327924	4327952	608319	608291
NZ_AP017617.1	NC_020307.1	92.308	39	5023841	5023878	3492618	3492581
NZ_AP017617.1	NC_020307.1	92.105	38	345730	345766	1971765	1971728
NZ_AP017617.1	NC_020307.1	96.875	32	4175074	4175105	3072970	3072940
NZ_AP017617.1	NC_020307.1	100.000	28	3121768	3121795	4344459	4344432
